<?xml version="1.0" encoding="UTF-8"?>
<testsuite name="TestSuite" time="94.41" tests="2" errors="0" skipped="0" failures="2">
  <properties>
    <property name="java.runtime.name" value="Java(TM) SE Runtime Environment"/>
    <property name="sun.boot.library.path" value="C:\Java\jdk1.8.0_121\jre\bin"/>
    <property name="java.vm.version" value="25.121-b13"/>
    <property name="java.vm.vendor" value="Oracle Corporation"/>
    <property name="maven.multiModuleProjectDirectory" value="H:\Automation\jwebfwk"/>
    <property name="java.vendor.url" value="http://java.oracle.com/"/>
    <property name="path.separator" value=";"/>
    <property name="guice.disable.misplaced.annotation.check" value="true"/>
    <property name="java.vm.name" value="Java HotSpot(TM) 64-Bit Server VM"/>
    <property name="file.encoding.pkg" value="sun.io"/>
    <property name="user.script" value=""/>
    <property name="user.country" value="CN"/>
    <property name="sun.java.launcher" value="SUN_STANDARD"/>
    <property name="sun.os.patch.level" value=""/>
    <property name="java.vm.specification.name" value="Java Virtual Machine Specification"/>
    <property name="user.dir" value="H:\Automation\jwebfwk"/>
    <property name="java.runtime.version" value="1.8.0_121-b13"/>
    <property name="java.awt.graphicsenv" value="sun.awt.Win32GraphicsEnvironment"/>
    <property name="java.endorsed.dirs" value="C:\Java\jdk1.8.0_121\jre\lib\endorsed"/>
    <property name="os.arch" value="amd64"/>
    <property name="java.io.tmpdir" value="C:\Users\Alex\AppData\Local\Temp\"/>
    <property name="line.separator" value="&#10;"/>
    <property name="java.vm.specification.vendor" value="Oracle Corporation"/>
    <property name="user.variant" value=""/>
    <property name="os.name" value="Windows 10"/>
    <property name="classworlds.conf" value="C:\Java\apache-maven-3.3.9\bin\..\bin\m2.conf"/>
    <property name="sun.jnu.encoding" value="GBK"/>
    <property name="java.library.path" value="C:\Java\jdk1.8.0_121\bin;C:\WINDOWS\Sun\Java\bin;C:\WINDOWS\system32;C:\WINDOWS;C:\ProgramData\Oracle\Java\javapath;C:\Program Files (x86)\Intel\iCLS Client\;C:\Program Files\Intel\iCLS Client\;C:\WINDOWS\system32;C:\WINDOWS;C:\WINDOWS\System32\Wbem;C:\WINDOWS\System32\WindowsPowerShell\v1.0\;C:\Program Files\Intel\Intel(R) Management Engine Components\DAL;C:\Program Files\Intel\Intel(R) Management Engine Components\IPT;C:\Program Files (x86)\Intel\Intel(R) Management Engine Components\DAL;C:\Program Files (x86)\Intel\Intel(R) Management Engine Components\IPT;C:\Program Files (x86)\ATI Technologies\ATI.ACE\Core-Static;C:\Program Files\Git\cmd;C:\Program Files\Git\bin;C:\Java\apache-maven-3.3.9\bin;C:\Ruby200-x64\bin;C:\Users\Alex\AppData\Local\Microsoft\WindowsApps;."/>
    <property name="java.specification.name" value="Java Platform API Specification"/>
    <property name="java.class.version" value="52.0"/>
    <property name="sun.management.compiler" value="HotSpot 64-Bit Tiered Compilers"/>
    <property name="os.version" value="10.0"/>
    <property name="user.home" value="C:\Users\Alex"/>
    <property name="user.timezone" value="Australia/Sydney"/>
    <property name="java.awt.printerjob" value="sun.awt.windows.WPrinterJob"/>
    <property name="java.specification.version" value="1.8"/>
    <property name="file.encoding" value="GBK"/>
    <property name="user.name" value="Alex"/>
    <property name="java.class.path" value="C:\Java\apache-maven-3.3.9\bin\..\boot\plexus-classworlds-2.5.2.jar"/>
    <property name="java.vm.specification.version" value="1.8"/>
    <property name="sun.arch.data.model" value="64"/>
    <property name="java.home" value="C:\Java\jdk1.8.0_121\jre"/>
    <property name="sun.java.command" value="org.codehaus.plexus.classworlds.launcher.Launcher install"/>
    <property name="java.specification.vendor" value="Oracle Corporation"/>
    <property name="user.language" value="zh"/>
    <property name="awt.toolkit" value="sun.awt.windows.WToolkit"/>
    <property name="java.vm.info" value="mixed mode"/>
    <property name="java.version" value="1.8.0_121"/>
    <property name="java.ext.dirs" value="C:\Java\jdk1.8.0_121\jre\lib\ext;C:\WINDOWS\Sun\Java\lib\ext"/>
    <property name="sun.boot.class.path" value="C:\Java\jdk1.8.0_121\jre\lib\resources.jar;C:\Java\jdk1.8.0_121\jre\lib\rt.jar;C:\Java\jdk1.8.0_121\jre\lib\sunrsasign.jar;C:\Java\jdk1.8.0_121\jre\lib\jsse.jar;C:\Java\jdk1.8.0_121\jre\lib\jce.jar;C:\Java\jdk1.8.0_121\jre\lib\charsets.jar;C:\Java\jdk1.8.0_121\jre\lib\jfr.jar;C:\Java\jdk1.8.0_121\jre\classes"/>
    <property name="sun.stderr.encoding" value="ms936"/>
    <property name="java.vendor" value="Oracle Corporation"/>
    <property name="maven.home" value="C:\Java\apache-maven-3.3.9\bin\.."/>
    <property name="file.separator" value="\"/>
    <property name="java.vendor.url.bug" value="http://bugreport.sun.com/bugreport/"/>
    <property name="sun.cpu.endian" value="little"/>
    <property name="sun.io.unicode.encoding" value="UnicodeLittle"/>
    <property name="sun.stdout.encoding" value="ms936"/>
    <property name="sun.desktop" value="windows"/>
    <property name="sun.cpu.isalist" value="amd64"/>
  </properties>
  <testcase name="run_cukes" classname="uk.co.automatictester.jwebfwk.runners.DownloadFeatureRunner" time="46.763">
    <failure message="org.openqa.selenium.WebDriverException: Unable to bind to locking port 7054 within 45000 ms&#10;Build info: version: &apos;2.46.0&apos;, revision: &apos;61506a4624b13675f24581e453592342b7485d71&apos;, time: &apos;2015-06-04 10:22:50&apos;&#10;System info: host: &apos;Alex-PC&apos;, ip: &apos;192.168.1.106&apos;, os.name: &apos;Windows 10&apos;, os.arch: &apos;amd64&apos;, os.version: &apos;10.0&apos;, java.version: &apos;1.8.0_121&apos;&#10;Driver info: driver.version: FirefoxDriver" type="cucumber.runtime.CucumberException"><![CDATA[cucumber.runtime.CucumberException: org.openqa.selenium.WebDriverException: Unable to bind to locking port 7054 within 45000 ms
Build info: version: '2.46.0', revision: '61506a4624b13675f24581e453592342b7485d71', time: '2015-06-04 10:22:50'
System info: host: 'Alex-PC', ip: '192.168.1.106', os.name: 'Windows 10', os.arch: 'amd64', os.version: '10.0', java.version: '1.8.0_121'
Driver info: driver.version: FirefoxDriver
	at cucumber.api.testng.TestNGCucumberRunner.runCukes(TestNGCucumberRunner.java:48)
	at cucumber.api.testng.AbstractTestNGCucumberTests.run_cukes(AbstractTestNGCucumberTests.java:14)
	at sun.reflect.NativeMethodAccessorImpl.invoke0(Native Method)
	at sun.reflect.NativeMethodAccessorImpl.invoke(NativeMethodAccessorImpl.java:62)
	at sun.reflect.DelegatingMethodAccessorImpl.invoke(DelegatingMethodAccessorImpl.java:43)
	at java.lang.reflect.Method.invoke(Method.java:498)
	at org.testng.internal.MethodInvocationHelper.invokeMethod(MethodInvocationHelper.java:85)
	at org.testng.internal.MethodInvocationHelper$1.runTestMethod(MethodInvocationHelper.java:200)
	at cucumber.api.testng.AbstractTestNGCucumberTests.run(AbstractTestNGCucumberTests.java:19)
	at org.testng.internal.MethodInvocationHelper.invokeHookable(MethodInvocationHelper.java:212)
	at org.testng.internal.Invoker.invokeMethod(Invoker.java:689)
	at org.testng.internal.Invoker.invokeTestMethod(Invoker.java:882)
	at org.testng.internal.Invoker.invokeTestMethods(Invoker.java:1189)
	at org.testng.internal.TestMethodWorker.invokeTestMethods(TestMethodWorker.java:124)
	at org.testng.internal.TestMethodWorker.run(TestMethodWorker.java:108)
	at java.util.concurrent.ThreadPoolExecutor.runWorker(ThreadPoolExecutor.java:1142)
	at java.util.concurrent.ThreadPoolExecutor$Worker.run(ThreadPoolExecutor.java:617)
	at java.lang.Thread.run(Thread.java:745)
Caused by: org.openqa.selenium.WebDriverException: Unable to bind to locking port 7054 within 45000 ms
Build info: version: '2.46.0', revision: '61506a4624b13675f24581e453592342b7485d71', time: '2015-06-04 10:22:50'
System info: host: 'Alex-PC', ip: '192.168.1.106', os.name: 'Windows 10', os.arch: 'amd64', os.version: '10.0', java.version: '1.8.0_121'
Driver info: driver.version: FirefoxDriver
	at org.openqa.selenium.internal.SocketLock.lock(SocketLock.java:99)
	at org.openqa.selenium.firefox.internal.NewProfileExtensionConnection.start(NewProfileExtensionConnection.java:88)
	at org.openqa.selenium.firefox.FirefoxDriver.startClient(FirefoxDriver.java:275)
	at org.openqa.selenium.remote.RemoteWebDriver.<init>(RemoteWebDriver.java:116)
	at org.openqa.selenium.firefox.FirefoxDriver.<init>(FirefoxDriver.java:220)
	at org.openqa.selenium.firefox.FirefoxDriver.<init>(FirefoxDriver.java:215)
	at org.openqa.selenium.firefox.FirefoxDriver.<init>(FirefoxDriver.java:211)
	at org.openqa.selenium.firefox.FirefoxDriver.<init>(FirefoxDriver.java:124)
	at uk.co.automatictester.jwebfwk.framework.ParentScenario.startBrowser(ParentScenario.java:22)
	at uk.co.automatictester.jwebfwk.glue.StepDefinitions.beforeScenario(StepDefinitions.java:20)
	at sun.reflect.NativeMethodAccessorImpl.invoke0(Native Method)
	at sun.reflect.NativeMethodAccessorImpl.invoke(NativeMethodAccessorImpl.java:62)
	at sun.reflect.DelegatingMethodAccessorImpl.invoke(DelegatingMethodAccessorImpl.java:43)
	at java.lang.reflect.Method.invoke(Method.java:498)
	at cucumber.runtime.Utils$1.call(Utils.java:37)
	at cucumber.runtime.Timeout.timeout(Timeout.java:13)
	at cucumber.runtime.Utils.invoke(Utils.java:31)
	at cucumber.runtime.java.JavaHookDefinition.execute(JavaHookDefinition.java:59)
	at cucumber.runtime.Runtime.runHookIfTagsMatch(Runtime.java:222)
	at cucumber.runtime.Runtime.runHooks(Runtime.java:210)
	at cucumber.runtime.Runtime.runBeforeHooks(Runtime.java:200)
	at cucumber.runtime.model.CucumberScenario.run(CucumberScenario.java:44)
	at cucumber.runtime.model.CucumberFeature.run(CucumberFeature.java:163)
	at cucumber.runtime.Runtime.run(Runtime.java:120)
	at cucumber.api.testng.TestNGCucumberRunner.runCukes(TestNGCucumberRunner.java:43)
	at cucumber.api.testng.AbstractTestNGCucumberTests.run_cukes(AbstractTestNGCucumberTests.java:14)
	at sun.reflect.NativeMethodAccessorImpl.invoke0(Native Method)
	at sun.reflect.NativeMethodAccessorImpl.invoke(NativeMethodAccessorImpl.java:62)
	at sun.reflect.DelegatingMethodAccessorImpl.invoke(DelegatingMethodAccessorImpl.java:43)
	at java.lang.reflect.Method.invoke(Method.java:498)
	at org.testng.internal.MethodInvocationHelper.invokeMethod(MethodInvocationHelper.java:85)
	at org.testng.internal.MethodInvocationHelper$1.runTestMethod(MethodInvocationHelper.java:200)
	at cucumber.api.testng.AbstractTestNGCucumberTests.run(AbstractTestNGCucumberTests.java:19)
	at org.testng.internal.MethodInvocationHelper.invokeHookable(MethodInvocationHelper.java:212)
	at org.testng.internal.Invoker.invokeMethod(Invoker.java:689)
	at org.testng.internal.Invoker.invokeTestMethod(Invoker.java:882)
	at org.testng.internal.Invoker.invokeTestMethods(Invoker.java:1189)
	at org.testng.internal.TestMethodWorker.invokeTestMethods(TestMethodWorker.java:124)
	at org.testng.internal.TestMethodWorker.run(TestMethodWorker.java:108)
	at java.util.concurrent.ThreadPoolExecutor.runWorker(ThreadPoolExecutor.java:1142)
	at java.util.concurrent.ThreadPoolExecutor$Worker.run(ThreadPoolExecutor.java:617)
	at java.lang.Thread.run(Thread.java:745)
]]></failure>
    <system-out><![CDATA[Feature: Download section
Feature: Download section
  In order to use Selenium in my project, I want to download Selenium language bindings
  In order to use Selenium in my project, I want to download Selenium language bindings
&amp#27;[31mFailure in before hook:&amp#27;[0m&amp#27;[31mStepDefinitions.beforeScenario()&amp#27;[0m
&amp#27;[31mMessage: &amp#27;[0m&amp#27;[31morg.openqa.selenium.WebDriverException: Unable to bind to locking port 7054 within 45000 ms
Build info: version: '2.46.0', revision: '61506a4624b13675f24581e453592342b7485d71', time: '2015-06-04 10:22:50'
System info: host: 'Alex-PC', ip: '192.168.1.106', os.name: 'Windows 10', os.arch: 'amd64', os.version: '10.0', java.version: '1.8.0_121'
Driver info: driver.version: FirefoxDriver
	at org.openqa.selenium.internal.SocketLock.lock(SocketLock.java:99)
	at org.openqa.selenium.firefox.internal.NewProfileExtensionConnection.start(NewProfileExtensionConnection.java:88)
	at org.openqa.selenium.firefox.FirefoxDriver.startClient(FirefoxDriver.java:275)
	at org.openqa.selenium.remote.RemoteWebDriver.<init>(RemoteWebDriver.java:116)
	at org.openqa.selenium.firefox.FirefoxDriver.<init>(FirefoxDriver.java:220)
	at org.openqa.selenium.firefox.FirefoxDriver.<init>(FirefoxDriver.java:215)
	at org.openqa.selenium.firefox.FirefoxDriver.<init>(FirefoxDriver.java:211)
	at org.openqa.selenium.firefox.FirefoxDriver.<init>(FirefoxDriver.java:124)
	at uk.co.automatictester.jwebfwk.framework.ParentScenario.startBrowser(ParentScenario.java:22)
	at uk.co.automatictester.jwebfwk.glue.StepDefinitions.beforeScenario(StepDefinitions.java:20)
	at sun.reflect.NativeMethodAccessorImpl.invoke0(Native Method)
	at sun.reflect.NativeMethodAccessorImpl.invoke(NativeMethodAccessorImpl.java:62)
	at sun.reflect.DelegatingMethodAccessorImpl.invoke(DelegatingMethodAccessorImpl.java:43)
	at java.lang.reflect.Method.invoke(Method.java:498)
	at cucumber.runtime.Utils$1.call(Utils.java:37)
	at cucumber.runtime.Timeout.timeout(Timeout.java:13)
	at cucumber.runtime.Utils.invoke(Utils.java:31)
	at cucumber.runtime.java.JavaHookDefinition.execute(JavaHookDefinition.java:59)
	at cucumber.runtime.Runtime.runHookIfTagsMatch(Runtime.java:222)
	at cucumber.runtime.Runtime.runHooks(Runtime.java:210)
	at cucumber.runtime.Runtime.runBeforeHooks(Runtime.java:200)
	at cucumber.runtime.model.CucumberScenario.run(CucumberScenario.java:44)
	at cucumber.runtime.model.CucumberFeature.run(CucumberFeature.java:163)
	at cucumber.runtime.Runtime.run(Runtime.java:120)
	at cucumber.api.testng.TestNGCucumberRunner.runCukes(TestNGCucumberRunner.java:43)
	at cucumber.api.testng.AbstractTestNGCucumberTests.run_cukes(AbstractTestNGCucumberTests.java:14)
	at sun.reflect.NativeMethodAccessorImpl.invoke0(Native Method)
	at sun.reflect.NativeMethodAccessorImpl.invoke(NativeMethodAccessorImpl.java:62)
	at sun.reflect.DelegatingMethodAccessorImpl.invoke(DelegatingMethodAccessorImpl.java:43)
	at java.lang.reflect.Method.invoke(Method.java:498)
	at org.testng.internal.MethodInvocationHelper.invokeMethod(MethodInvocationHelper.java:85)
	at org.testng.internal.MethodInvocationHelper$1.runTestMethod(MethodInvocationHelper.java:200)
	at cucumber.api.testng.AbstractTestNGCucumberTests.run(AbstractTestNGCucumberTests.java:19)
	at org.testng.internal.MethodInvocationHelper.invokeHookable(MethodInvocationHelper.java:212)
	at org.testng.internal.Invoker.invokeMethod(Invoker.java:689)
	at org.testng.internal.Invoker.invokeTestMethod(Invoker.java:882)
	at org.testng.internal.Invoker.invokeTestMethods(Invoker.java:1189)
	at org.testng.internal.TestMethodWorker.invokeTestMethods(TestMethodWorker.java:124)
	at org.testng.internal.TestMethodWorker.run(TestMethodWorker.java:108)
	at java.util.concurrent.ThreadPoolExecutor.runWorker(ThreadPoolExecutor.java:1142)
	at java.util.concurrent.ThreadPoolExecutor$Worker.run(ThreadPoolExecutor.java:617)
	at java.lang.Thread.run(Thread.java:745)
&amp#27;[0m
      &amp#27;[31morg.openqa.selenium.WebDriverException: Unable to bind to locking port 7054 within 45000 ms
      Build info: version: '2.46.0', revision: '61506a4624b13675f24581e453592342b7485d71', time: '2015-06-04 10:22:50'
      System info: host: 'Alex-PC', ip: '192.168.1.106', os.name: 'Windows 10', os.arch: 'amd64', os.version: '10.0', java.version: '1.8.0_121'
      Driver info: driver.version: FirefoxDriver
      	at org.openqa.selenium.internal.SocketLock.lock(SocketLock.java:99)
      	at org.openqa.selenium.firefox.internal.NewProfileExtensionConnection.start(NewProfileExtensionConnection.java:88)
      	at org.openqa.selenium.firefox.FirefoxDriver.startClient(FirefoxDriver.java:275)
      	at org.openqa.selenium.remote.RemoteWebDriver.<init>(RemoteWebDriver.java:116)
      	at org.openqa.selenium.firefox.FirefoxDriver.<init>(FirefoxDriver.java:220)
      	at org.openqa.selenium.firefox.FirefoxDriver.<init>(FirefoxDriver.java:215)
      	at org.openqa.selenium.firefox.FirefoxDriver.<init>(FirefoxDriver.java:211)
      	at org.openqa.selenium.firefox.FirefoxDriver.<init>(FirefoxDriver.java:124)
      	at uk.co.automatictester.jwebfwk.framework.ParentScenario.startBrowser(ParentScenario.java:22)
      	at uk.co.automatictester.jwebfwk.glue.StepDefinitions.beforeScenario(StepDefinitions.java:20)
      	at sun.reflect.NativeMethodAccessorImpl.invoke0(Native Method)
      	at sun.reflect.NativeMethodAccessorImpl.invoke(NativeMethodAccessorImpl.java:62)
      	at sun.reflect.DelegatingMethodAccessorImpl.invoke(DelegatingMethodAccessorImpl.java:43)
      	at java.lang.reflect.Method.invoke(Method.java:498)
      	at cucumber.runtime.Utils$1.call(Utils.java:37)
      	at cucumber.runtime.Timeout.timeout(Timeout.java:13)
      	at cucumber.runtime.Utils.invoke(Utils.java:31)
      	at cucumber.runtime.java.JavaHookDefinition.execute(JavaHookDefinition.java:59)
      	at cucumber.runtime.Runtime.runHookIfTagsMatch(Runtime.java:222)
      	at cucumber.runtime.Runtime.runHooks(Runtime.java:210)
      	at cucumber.runtime.Runtime.runBeforeHooks(Runtime.java:200)
      	at cucumber.runtime.model.CucumberScenario.run(CucumberScenario.java:44)
      	at cucumber.runtime.model.CucumberFeature.run(CucumberFeature.java:163)
      	at cucumber.runtime.Runtime.run(Runtime.java:120)
      	at cucumber.api.testng.TestNGCucumberRunner.runCukes(TestNGCucumberRunner.java:43)
      	at cucumber.api.testng.AbstractTestNGCucumberTests.run_cukes(AbstractTestNGCucumberTests.java:14)
      	at sun.reflect.NativeMethodAccessorImpl.invoke0(Native Method)
      	at sun.reflect.NativeMethodAccessorImpl.invoke(NativeMethodAccessorImpl.java:62)
      	at sun.reflect.DelegatingMethodAccessorImpl.invoke(DelegatingMethodAccessorImpl.java:43)
      	at java.lang.reflect.Method.invoke(Method.java:498)
      	at org.testng.internal.MethodInvocationHelper.invokeMethod(MethodInvocationHelper.java:85)
      	at org.testng.internal.MethodInvocationHelper$1.runTestMethod(MethodInvocationHelper.java:200)
      	at cucumber.api.testng.AbstractTestNGCucumberTests.run(AbstractTestNGCucumberTests.java:19)
      	at org.testng.internal.MethodInvocationHelper.invokeHookable(MethodInvocationHelper.java:212)
      	at org.testng.internal.Invoker.invokeMethod(Invoker.java:689)
      	at org.testng.internal.Invoker.invokeTestMethod(Invoker.java:882)
      	at org.testng.internal.Invoker.invokeTestMethods(Invoker.java:1189)
      	at org.testng.internal.TestMethodWorker.invokeTestMethods(TestMethodWorker.java:124)
      	at org.testng.internal.TestMethodWorker.run(TestMethodWorker.java:108)
      	at java.util.concurrent.ThreadPoolExecutor.runWorker(ThreadPoolExecutor.java:1142)
      	at java.util.concurrent.ThreadPoolExecutor$Worker.run(ThreadPoolExecutor.java:617)
      	at java.lang.Thread.run(Thread.java:745)
      &amp#27;[0m
&amp#27;[31mFailure in after hook:&amp#27;[0m&amp#27;[31mStepDefinitions.afterScenario()&amp#27;[0m
&amp#27;[31mMessage: &amp#27;[0m&amp#27;[31mjava.lang.NullPointerException
	at uk.co.automatictester.jwebfwk.framework.ParentScenario.closeBrowser(ParentScenario.java:34)
	at uk.co.automatictester.jwebfwk.glue.StepDefinitions.afterScenario(StepDefinitions.java:40)
	at sun.reflect.NativeMethodAccessorImpl.invoke0(Native Method)
	at sun.reflect.NativeMethodAccessorImpl.invoke(NativeMethodAccessorImpl.java:62)
	at sun.reflect.DelegatingMethodAccessorImpl.invoke(DelegatingMethodAccessorImpl.java:43)
	at java.lang.reflect.Method.invoke(Method.java:498)
	at cucumber.runtime.Utils$1.call(Utils.java:37)
	at cucumber.runtime.Timeout.timeout(Timeout.java:13)
	at cucumber.runtime.Utils.invoke(Utils.java:31)
	at cucumber.runtime.java.JavaHookDefinition.execute(JavaHookDefinition.java:59)
	at cucumber.runtime.Runtime.runHookIfTagsMatch(Runtime.java:222)
	at cucumber.runtime.Runtime.runHooks(Runtime.java:210)
	at cucumber.runtime.Runtime.runAfterHooks(Runtime.java:204)
	at cucumber.runtime.model.CucumberScenario.run(CucumberScenario.java:50)
	at cucumber.runtime.model.CucumberFeature.run(CucumberFeature.java:163)
	at cucumber.runtime.Runtime.run(Runtime.java:120)
	at cucumber.api.testng.TestNGCucumberRunner.runCukes(TestNGCucumberRunner.java:43)
	at cucumber.api.testng.AbstractTestNGCucumberTests.run_cukes(AbstractTestNGCucumberTests.java:14)
	at sun.reflect.NativeMethodAccessorImpl.invoke0(Native Method)
	at sun.reflect.NativeMethodAccessorImpl.invoke(NativeMethodAccessorImpl.java:62)
	at sun.reflect.DelegatingMethodAccessorImpl.invoke(DelegatingMethodAccessorImpl.java:43)
	at java.lang.reflect.Method.invoke(Method.java:498)
	at org.testng.internal.MethodInvocationHelper.invokeMethod(MethodInvocationHelper.java:85)
	at org.testng.internal.MethodInvocationHelper$1.runTestMethod(MethodInvocationHelper.java:200)
	at cucumber.api.testng.AbstractTestNGCucumberTests.run(AbstractTestNGCucumberTests.java:19)
	at org.testng.internal.MethodInvocationHelper.invokeHookable(MethodInvocationHelper.java:212)
	at org.testng.internal.Invoker.invokeMethod(Invoker.java:689)
	at org.testng.internal.Invoker.invokeTestMethod(Invoker.java:882)
	at org.testng.internal.Invoker.invokeTestMethods(Invoker.java:1189)
	at org.testng.internal.TestMethodWorker.invokeTestMethods(TestMethodWorker.java:124)
	at org.testng.internal.TestMethodWorker.run(TestMethodWorker.java:108)
	at java.util.concurrent.ThreadPoolExecutor.runWorker(ThreadPoolExecutor.java:1142)
	at java.util.concurrent.ThreadPoolExecutor$Worker.run(ThreadPoolExecutor.java:617)
	at java.lang.Thread.run(Thread.java:745)
&amp#27;[0m
      &amp#27;[31mjava.lang.NullPointerException
      	at uk.co.automatictester.jwebfwk.framework.ParentScenario.closeBrowser(ParentScenario.java:34)
      	at uk.co.automatictester.jwebfwk.glue.StepDefinitions.afterScenario(StepDefinitions.java:40)
      	at sun.reflect.NativeMethodAccessorImpl.invoke0(Native Method)
      	at sun.reflect.NativeMethodAccessorImpl.invoke(NativeMethodAccessorImpl.java:62)
      	at sun.reflect.DelegatingMethodAccessorImpl.invoke(DelegatingMethodAccessorImpl.java:43)
      	at java.lang.reflect.Method.invoke(Method.java:498)
      	at cucumber.runtime.Utils$1.call(Utils.java:37)
      	at cucumber.runtime.Timeout.timeout(Timeout.java:13)
      	at cucumber.runtime.Utils.invoke(Utils.java:31)
      	at cucumber.runtime.java.JavaHookDefinition.execute(JavaHookDefinition.java:59)
      	at cucumber.runtime.Runtime.runHookIfTagsMatch(Runtime.java:222)
      	at cucumber.runtime.Runtime.runHooks(Runtime.java:210)
      	at cucumber.runtime.Runtime.runAfterHooks(Runtime.java:204)
      	at cucumber.runtime.model.CucumberScenario.run(CucumberScenario.java:50)
      	at cucumber.runtime.model.CucumberFeature.run(CucumberFeature.java:163)
      	at cucumber.runtime.Runtime.run(Runtime.java:120)
      	at cucumber.api.testng.TestNGCucumberRunner.runCukes(TestNGCucumberRunner.java:43)
      	at cucumber.api.testng.AbstractTestNGCucumberTests.run_cukes(AbstractTestNGCucumberTests.java:14)
      	at sun.reflect.NativeMethodAccessorImpl.invoke0(Native Method)
      	at sun.reflect.NativeMethodAccessorImpl.invoke(NativeMethodAccessorImpl.java:62)
      	at sun.reflect.DelegatingMethodAccessorImpl.invoke(DelegatingMethodAccessorImpl.java:43)
      	at java.lang.reflect.Method.invoke(Method.java:498)
      	at org.testng.internal.MethodInvocationHelper.invokeMethod(MethodInvocationHelper.java:85)
      	at org.testng.internal.MethodInvocationHelper$1.runTestMethod(MethodInvocationHelper.java:200)
      	at cucumber.api.testng.AbstractTestNGCucumberTests.run(AbstractTestNGCucumberTests.java:19)
      	at org.testng.internal.MethodInvocationHelper.invokeHookable(MethodInvocationHelper.java:212)
      	at org.testng.internal.Invoker.invokeMethod(Invoker.java:689)
      	at org.testng.internal.Invoker.invokeTestMethod(Invoker.java:882)
      	at org.testng.internal.Invoker.invokeTestMethods(Invoker.java:1189)
      	at org.testng.internal.TestMethodWorker.invokeTestMethods(TestMethodWorker.java:124)
      	at org.testng.internal.TestMethodWorker.run(TestMethodWorker.java:108)
      	at java.util.concurrent.ThreadPoolExecutor.runWorker(ThreadPoolExecutor.java:1142)
      	at java.util.concurrent.ThreadPoolExecutor$Worker.run(ThreadPoolExecutor.java:617)
      	at java.lang.Thread.run(Thread.java:745)
      &amp#27;[0m

  Scenario: Java binding download link check                            &amp#27;[90m# src/test/resources/features/Download.feature:4&amp#27;[0m
    &amp#27;[36mGiven &amp#27;[0m&amp#27;[36mI am on the Selenium homepage&amp#27;[0m                                 &amp#27;[90m# StepDefinitions.I_am_on_the_Selenium_homepage()&amp#27;[0m
    &amp#27;[36mWhen &amp#27;[0m&amp#27;[36mI click "&amp#27;[0m&amp#27;[36m&amp#27;[1mDownload&amp#27;[0m&amp#27;[36m" tab&amp#27;[0m                                         &amp#27;[90m# StepDefinitions.I_click_tab_on(String)&amp#27;[0m
    &amp#27;[36mThen &amp#27;[0m&amp#27;[36mI should see "&amp#27;[0m&amp#27;[36m&amp#27;[1mJava&amp#27;[0m&amp#27;[36m" download link on Download page&amp#27;[0m             &amp#27;[90m# StepDefinitions.I_should_see_download_link_on_download_page(String)&amp#27;[0m
    &amp#27;[36mAnd &amp#27;[0m&amp#27;[36mI should see "&amp#27;[0m&amp#27;[36m&amp#27;[1mC#&amp#27;[0m&amp#27;[36m" download link on Download page&amp#27;[0m                &amp#27;[90m# StepDefinitions.I_should_see_download_link_on_download_page(String)&amp#27;[0m
    &amp#27;[36mAnd &amp#27;[0m&amp#27;[36mI should see "&amp#27;[0m&amp#27;[36m&amp#27;[1mRuby&amp#27;[0m&amp#27;[36m" download link on Download page&amp#27;[0m              &amp#27;[90m# StepDefinitions.I_should_see_download_link_on_download_page(String)&amp#27;[0m
    &amp#27;[36mAnd &amp#27;[0m&amp#27;[36mI should see "&amp#27;[0m&amp#27;[36m&amp#27;[1mPython&amp#27;[0m&amp#27;[36m" download link on Download page&amp#27;[0m            &amp#27;[90m# StepDefinitions.I_should_see_download_link_on_download_page(String)&amp#27;[0m
    &amp#27;[36mAnd &amp#27;[0m&amp#27;[36mI should see "&amp#27;[0m&amp#27;[36m&amp#27;[1mJavascript (Node)&amp#27;[0m&amp#27;[36m" download link on Download page&amp#27;[0m &amp#27;[90m# StepDefinitions.I_should_see_download_link_on_download_page(String)&amp#27;[0m

1 Scenarios (&amp#27;[31m1 failed&amp#27;[0m)
7 Steps (&amp#27;[36m7 skipped&amp#27;[0m)
0m46.430s

org.openqa.selenium.WebDriverException: Unable to bind to locking port 7054 within 45000 ms
Build info: version: '2.46.0', revision: '61506a4624b13675f24581e453592342b7485d71', time: '2015-06-04 10:22:50'
System info: host: 'Alex-PC', ip: '192.168.1.106', os.name: 'Windows 10', os.arch: 'amd64', os.version: '10.0', java.version: '1.8.0_121'
Driver info: driver.version: FirefoxDriver
	at org.openqa.selenium.internal.SocketLock.lock(SocketLock.java:99)
	at org.openqa.selenium.firefox.internal.NewProfileExtensionConnection.start(NewProfileExtensionConnection.java:88)
	at org.openqa.selenium.firefox.FirefoxDriver.startClient(FirefoxDriver.java:275)
	at org.openqa.selenium.remote.RemoteWebDriver.<init>(RemoteWebDriver.java:116)
	at org.openqa.selenium.firefox.FirefoxDriver.<init>(FirefoxDriver.java:220)
	at org.openqa.selenium.firefox.FirefoxDriver.<init>(FirefoxDriver.java:215)
	at org.openqa.selenium.firefox.FirefoxDriver.<init>(FirefoxDriver.java:211)
	at org.openqa.selenium.firefox.FirefoxDriver.<init>(FirefoxDriver.java:124)
	at uk.co.automatictester.jwebfwk.framework.ParentScenario.startBrowser(ParentScenario.java:22)
	at uk.co.automatictester.jwebfwk.glue.StepDefinitions.beforeScenario(StepDefinitions.java:20)
	at sun.reflect.NativeMethodAccessorImpl.invoke0(Native Method)
	at sun.reflect.NativeMethodAccessorImpl.invoke(NativeMethodAccessorImpl.java:62)
	at sun.reflect.DelegatingMethodAccessorImpl.invoke(DelegatingMethodAccessorImpl.java:43)
	at java.lang.reflect.Method.invoke(Method.java:498)
	at cucumber.runtime.Utils$1.call(Utils.java:37)
	at cucumber.runtime.Timeout.timeout(Timeout.java:13)
	at cucumber.runtime.Utils.invoke(Utils.java:31)
	at cucumber.runtime.java.JavaHookDefinition.execute(JavaHookDefinition.java:59)
	at cucumber.runtime.Runtime.runHookIfTagsMatch(Runtime.java:222)
	at cucumber.runtime.Runtime.runHooks(Runtime.java:210)
	at cucumber.runtime.Runtime.runBeforeHooks(Runtime.java:200)
	at cucumber.runtime.model.CucumberScenario.run(CucumberScenario.java:44)
	at cucumber.runtime.model.CucumberFeature.run(CucumberFeature.java:163)
	at cucumber.runtime.Runtime.run(Runtime.java:120)
	at cucumber.api.testng.TestNGCucumberRunner.runCukes(TestNGCucumberRunner.java:43)
	at cucumber.api.testng.AbstractTestNGCucumberTests.run_cukes(AbstractTestNGCucumberTests.java:14)
	at sun.reflect.NativeMethodAccessorImpl.invoke0(Native Method)
	at sun.reflect.NativeMethodAccessorImpl.invoke(NativeMethodAccessorImpl.java:62)
	at sun.reflect.DelegatingMethodAccessorImpl.invoke(DelegatingMethodAccessorImpl.java:43)
	at java.lang.reflect.Method.invoke(Method.java:498)
	at org.testng.internal.MethodInvocationHelper.invokeMethod(MethodInvocationHelper.java:85)
	at org.testng.internal.MethodInvocationHelper$1.runTestMethod(MethodInvocationHelper.java:200)
	at cucumber.api.testng.AbstractTestNGCucumberTests.run(AbstractTestNGCucumberTests.java:19)
	at org.testng.internal.MethodInvocationHelper.invokeHookable(MethodInvocationHelper.java:212)
	at org.testng.internal.Invoker.invokeMethod(Invoker.java:689)
	at org.testng.internal.Invoker.invokeTestMethod(Invoker.java:882)
	at org.testng.internal.Invoker.invokeTestMethods(Invoker.java:1189)
	at org.testng.internal.TestMethodWorker.invokeTestMethods(TestMethodWorker.java:124)
	at org.testng.internal.TestMethodWorker.run(TestMethodWorker.java:108)
	at java.util.concurrent.ThreadPoolExecutor.runWorker(ThreadPoolExecutor.java:1142)
	at java.util.concurrent.ThreadPoolExecutor$Worker.run(ThreadPoolExecutor.java:617)
	at java.lang.Thread.run(Thread.java:745)

java.lang.NullPointerException
	at uk.co.automatictester.jwebfwk.framework.ParentScenario.closeBrowser(ParentScenario.java:34)
	at uk.co.automatictester.jwebfwk.glue.StepDefinitions.afterScenario(StepDefinitions.java:40)
	at sun.reflect.NativeMethodAccessorImpl.invoke0(Native Method)
	at sun.reflect.NativeMethodAccessorImpl.invoke(NativeMethodAccessorImpl.java:62)
	at sun.reflect.DelegatingMethodAccessorImpl.invoke(DelegatingMethodAccessorImpl.java:43)
	at java.lang.reflect.Method.invoke(Method.java:498)
	at cucumber.runtime.Utils$1.call(Utils.java:37)
	at cucumber.runtime.Timeout.timeout(Timeout.java:13)
	at cucumber.runtime.Utils.invoke(Utils.java:31)
	at cucumber.runtime.java.JavaHookDefinition.execute(JavaHookDefinition.java:59)
	at cucumber.runtime.Runtime.runHookIfTagsMatch(Runtime.java:222)
	at cucumber.runtime.Runtime.runHooks(Runtime.java:210)
	at cucumber.runtime.Runtime.runAfterHooks(Runtime.java:204)
	at cucumber.runtime.model.CucumberScenario.run(CucumberScenario.java:50)
	at cucumber.runtime.model.CucumberFeature.run(CucumberFeature.java:163)
	at cucumber.runtime.Runtime.run(Runtime.java:120)
	at cucumber.api.testng.TestNGCucumberRunner.runCukes(TestNGCucumberRunner.java:43)
	at cucumber.api.testng.AbstractTestNGCucumberTests.run_cukes(AbstractTestNGCucumberTests.java:14)
	at sun.reflect.NativeMethodAccessorImpl.invoke0(Native Method)
	at sun.reflect.NativeMethodAccessorImpl.invoke(NativeMethodAccessorImpl.java:62)
	at sun.reflect.DelegatingMethodAccessorImpl.invoke(DelegatingMethodAccessorImpl.java:43)
	at java.lang.reflect.Method.invoke(Method.java:498)
	at org.testng.internal.MethodInvocationHelper.invokeMethod(MethodInvocationHelper.java:85)
	at org.testng.internal.MethodInvocationHelper$1.runTestMethod(MethodInvocationHelper.java:200)
	at cucumber.api.testng.AbstractTestNGCucumberTests.run(AbstractTestNGCucumberTests.java:19)
	at org.testng.internal.MethodInvocationHelper.invokeHookable(MethodInvocationHelper.java:212)
	at org.testng.internal.Invoker.invokeMethod(Invoker.java:689)
	at org.testng.internal.Invoker.invokeTestMethod(Invoker.java:882)
	at org.testng.internal.Invoker.invokeTestMethods(Invoker.java:1189)
	at org.testng.internal.TestMethodWorker.invokeTestMethods(TestMethodWorker.java:124)
	at org.testng.internal.TestMethodWorker.run(TestMethodWorker.java:108)
	at java.util.concurrent.ThreadPoolExecutor.runWorker(ThreadPoolExecutor.java:1142)
	at java.util.concurrent.ThreadPoolExecutor$Worker.run(ThreadPoolExecutor.java:617)
	at java.lang.Thread.run(Thread.java:745)

]]></system-out>
  </testcase>
  <testcase name="run_cukes" classname="uk.co.automatictester.jwebfwk.runners.DownloadFeatureRunner_Copy" time="47.647">
    <failure message="org.openqa.selenium.WebDriverException: Failed to connect to binary FirefoxBinary(C:\Program Files\Mozilla Firefox\firefox.exe) on port 7055; process output follows: &#10;doTlsWbc5g65&quot;,&quot;location&quot;:&quot;app-global&quot;,&quot;version&quot;:&quot;44.0&quot;,&quot;type&quot;:&quot;theme&quot;,&quot;internalName&quot;:&quot;classic/1.0&quot;,&quot;updateURL&quot;:null,&quot;updateKey&quot;:null,&quot;optionsURL&quot;:null,&quot;optionsType&quot;:null,&quot;aboutURL&quot;:null,&quot;icons&quot;:{&quot;32&quot;:&quot;icon.png&quot;,&quot;48&quot;:&quot;icon.png&quot;},&quot;iconURL&quot;:null,&quot;icon64URL&quot;:null,&quot;defaultLocale&quot;:{&quot;name&quot;:&quot;Default&quot;,&quot;description&quot;:&quot;The default theme.&quot;,&quot;creator&quot;:&quot;Mozilla&quot;,&quot;homepageURL&quot;:null,&quot;contributors&quot;:[&quot;Mozilla Contributors&quot;]},&quot;visible&quot;:true,&quot;active&quot;:true,&quot;userDisabled&quot;:false,&quot;appDisabled&quot;:false,&quot;descriptor&quot;:&quot;C:\\Program Files\\Mozilla Firefox\\browser\\extensions\\{972ce4c6-7e08-4474-a285-3208198ce6fd}&quot;,&quot;installDate&quot;:1482203161597,&quot;updateDate&quot;:1482203161597,&quot;applyBackgroundUpdates&quot;:1,&quot;skinnable&quot;:true,&quot;size&quot;:24166,&quot;sourceURI&quot;:null,&quot;releaseNotesURI&quot;:null,&quot;softDisabled&quot;:false,&quot;foreignInstall&quot;:false,&quot;hasBinaryComponents&quot;:false,&quot;strictCompatibility&quot;:true,&quot;locales&quot;:[],&quot;targetApplications&quot;:[{&quot;id&quot;:&quot;{ec8030f7-c20a-464f-9b0e-13a3a9e97384}&quot;,&quot;minVersion&quot;:&quot;44.0&quot;,&quot;maxVersion&quot;:&quot;44.0&quot;}],&quot;targetPlatforms&quot;:[]}&#10;1489322081335	addons.xpi	DEBUG	getModTime: Recursive scan of {972ce4c6-7e08-4474-a285-3208198ce6fd}&#10;1489322081336	DeferredSave.extensions.json	DEBUG	Save changes&#10;1489322081336	addons.xpi	DEBUG	Updating database with changes to installed add-ons&#10;1489322081336	addons.xpi-utils	DEBUG	Updating add-on states&#10;1489322081336	addons.xpi-utils	DEBUG	Writing add-ons list&#10;1489322081345	addons.manager	DEBUG	Registering shutdown blocker for XPIProvider&#10;1489322081346	addons.manager	DEBUG	Provider finished startup: XPIProvider&#10;1489322081346	addons.manager	DEBUG	Starting provider: LightweightThemeManager&#10;1489322081346	addons.manager	DEBUG	Registering shutdown blocker for LightweightThemeManager&#10;1489322081346	addons.manager	DEBUG	Provider finished startup: LightweightThemeManager&#10;1489322081346	addons.manager	DEBUG	Starting provider: GMPProvider&#10;1489322081351	addons.manager	DEBUG	Registering shutdown blocker for GMPProvider&#10;1489322081351	addons.manager	DEBUG	Provider finished startup: GMPProvider&#10;1489322081351	addons.manager	DEBUG	Starting provider: PluginProvider&#10;1489322081352	addons.manager	DEBUG	Registering shutdown blocker for PluginProvider&#10;1489322081352	addons.manager	DEBUG	Provider finished startup: PluginProvider&#10;1489322081352	addons.manager	DEBUG	Completed startup sequence&#10;1489322081566	addons.manager	DEBUG	Starting provider: &lt;unnamed-provider&gt;&#10;1489322081566	addons.manager	DEBUG	Registering shutdown blocker for &lt;unnamed-provider&gt;&#10;1489322081567	addons.manager	DEBUG	Provider finished startup: &lt;unnamed-provider&gt;&#10;1489322081657	DeferredSave.extensions.json	DEBUG	Starting write&#10;1489322081867	addons.repository	DEBUG	No addons.json found.&#10;1489322081868	DeferredSave.addons.json	DEBUG	Save changes&#10;1489322081869	DeferredSave.addons.json	DEBUG	Starting timer&#10;1489322081880	addons.manager	DEBUG	Starting provider: PreviousExperimentProvider&#10;1489322081880	addons.manager	DEBUG	Registering shutdown blocker for PreviousExperimentProvider&#10;1489322081880	addons.manager	DEBUG	Provider finished startup: PreviousExperimentProvider&#10;1489322081883	DeferredSave.extensions.json	DEBUG	Write succeeded&#10;1489322081883	addons.xpi-utils	DEBUG	XPI Database saved, setting schema version preference to 17&#10;1489322082044	DeferredSave.addons.json	DEBUG	Starting write&#10;1489322082378	DeferredSave.addons.json	DEBUG	Write succeeded&#10;1489322123669	addons.manager	DEBUG	shutdown&#10;1489322123670	addons.manager	DEBUG	Calling shutdown blocker for XPIProvider&#10;1489322123670	addons.xpi	DEBUG	shutdown&#10;1489322123670	addons.xpi-utils	DEBUG	shutdown&#10;1489322123670	addons.manager	DEBUG	Calling shutdown blocker for LightweightThemeManager&#10;1489322123671	addons.manager	DEBUG	Calling shutdown blocker for GMPProvider&#10;1489322123672	addons.manager	DEBUG	Calling shutdown blocker for PluginProvider&#10;1489322123672	addons.manager	DEBUG	Calling shutdown blocker for &lt;unnamed-provider&gt;&#10;1489322123673	addons.manager	DEBUG	Calling shutdown blocker for PreviousExperimentProvider&#10;1489322123675	addons.xpi	DEBUG	Notifying XPI shutdown observers&#10;1489322123678	addons.manager	DEBUG	Async provider shutdown done&#10;&#10;Build info: version: &apos;2.46.0&apos;, revision: &apos;61506a4624b13675f24581e453592342b7485d71&apos;, time: &apos;2015-06-04 10:22:50&apos;&#10;System info: host: &apos;Alex-PC&apos;, ip: &apos;192.168.1.106&apos;, os.name: &apos;Windows 10&apos;, os.arch: &apos;amd64&apos;, os.version: &apos;10.0&apos;, java.version: &apos;1.8.0_121&apos;&#10;Driver info: driver.version: FirefoxDriver" type="cucumber.runtime.CucumberException"><![CDATA[cucumber.runtime.CucumberException: org.openqa.selenium.WebDriverException: Failed to connect to binary FirefoxBinary(C:\Program Files\Mozilla Firefox\firefox.exe) on port 7055; process output follows: 
doTlsWbc5g65","location":"app-global","version":"44.0","type":"theme","internalName":"classic/1.0","updateURL":null,"updateKey":null,"optionsURL":null,"optionsType":null,"aboutURL":null,"icons":{"32":"icon.png","48":"icon.png"},"iconURL":null,"icon64URL":null,"defaultLocale":{"name":"Default","description":"The default theme.","creator":"Mozilla","homepageURL":null,"contributors":["Mozilla Contributors"]},"visible":true,"active":true,"userDisabled":false,"appDisabled":false,"descriptor":"C:\\Program Files\\Mozilla Firefox\\browser\\extensions\\{972ce4c6-7e08-4474-a285-3208198ce6fd}","installDate":1482203161597,"updateDate":1482203161597,"applyBackgroundUpdates":1,"skinnable":true,"size":24166,"sourceURI":null,"releaseNotesURI":null,"softDisabled":false,"foreignInstall":false,"hasBinaryComponents":false,"strictCompatibility":true,"locales":[],"targetApplications":[{"id":"{ec8030f7-c20a-464f-9b0e-13a3a9e97384}","minVersion":"44.0","maxVersion":"44.0"}],"targetPlatforms":[]}
1489322081335	addons.xpi	DEBUG	getModTime: Recursive scan of {972ce4c6-7e08-4474-a285-3208198ce6fd}
1489322081336	DeferredSave.extensions.json	DEBUG	Save changes
1489322081336	addons.xpi	DEBUG	Updating database with changes to installed add-ons
1489322081336	addons.xpi-utils	DEBUG	Updating add-on states
1489322081336	addons.xpi-utils	DEBUG	Writing add-ons list
1489322081345	addons.manager	DEBUG	Registering shutdown blocker for XPIProvider
1489322081346	addons.manager	DEBUG	Provider finished startup: XPIProvider
1489322081346	addons.manager	DEBUG	Starting provider: LightweightThemeManager
1489322081346	addons.manager	DEBUG	Registering shutdown blocker for LightweightThemeManager
1489322081346	addons.manager	DEBUG	Provider finished startup: LightweightThemeManager
1489322081346	addons.manager	DEBUG	Starting provider: GMPProvider
1489322081351	addons.manager	DEBUG	Registering shutdown blocker for GMPProvider
1489322081351	addons.manager	DEBUG	Provider finished startup: GMPProvider
1489322081351	addons.manager	DEBUG	Starting provider: PluginProvider
1489322081352	addons.manager	DEBUG	Registering shutdown blocker for PluginProvider
1489322081352	addons.manager	DEBUG	Provider finished startup: PluginProvider
1489322081352	addons.manager	DEBUG	Completed startup sequence
1489322081566	addons.manager	DEBUG	Starting provider: <unnamed-provider>
1489322081566	addons.manager	DEBUG	Registering shutdown blocker for <unnamed-provider>
1489322081567	addons.manager	DEBUG	Provider finished startup: <unnamed-provider>
1489322081657	DeferredSave.extensions.json	DEBUG	Starting write
1489322081867	addons.repository	DEBUG	No addons.json found.
1489322081868	DeferredSave.addons.json	DEBUG	Save changes
1489322081869	DeferredSave.addons.json	DEBUG	Starting timer
1489322081880	addons.manager	DEBUG	Starting provider: PreviousExperimentProvider
1489322081880	addons.manager	DEBUG	Registering shutdown blocker for PreviousExperimentProvider
1489322081880	addons.manager	DEBUG	Provider finished startup: PreviousExperimentProvider
1489322081883	DeferredSave.extensions.json	DEBUG	Write succeeded
1489322081883	addons.xpi-utils	DEBUG	XPI Database saved, setting schema version preference to 17
1489322082044	DeferredSave.addons.json	DEBUG	Starting write
1489322082378	DeferredSave.addons.json	DEBUG	Write succeeded
1489322123669	addons.manager	DEBUG	shutdown
1489322123670	addons.manager	DEBUG	Calling shutdown blocker for XPIProvider
1489322123670	addons.xpi	DEBUG	shutdown
1489322123670	addons.xpi-utils	DEBUG	shutdown
1489322123670	addons.manager	DEBUG	Calling shutdown blocker for LightweightThemeManager
1489322123671	addons.manager	DEBUG	Calling shutdown blocker for GMPProvider
1489322123672	addons.manager	DEBUG	Calling shutdown blocker for PluginProvider
1489322123672	addons.manager	DEBUG	Calling shutdown blocker for <unnamed-provider>
1489322123673	addons.manager	DEBUG	Calling shutdown blocker for PreviousExperimentProvider
1489322123675	addons.xpi	DEBUG	Notifying XPI shutdown observers
1489322123678	addons.manager	DEBUG	Async provider shutdown done

Build info: version: '2.46.0', revision: '61506a4624b13675f24581e453592342b7485d71', time: '2015-06-04 10:22:50'
System info: host: 'Alex-PC', ip: '192.168.1.106', os.name: 'Windows 10', os.arch: 'amd64', os.version: '10.0', java.version: '1.8.0_121'
Driver info: driver.version: FirefoxDriver
	at cucumber.api.testng.TestNGCucumberRunner.runCukes(TestNGCucumberRunner.java:48)
	at cucumber.api.testng.AbstractTestNGCucumberTests.run_cukes(AbstractTestNGCucumberTests.java:14)
	at sun.reflect.NativeMethodAccessorImpl.invoke0(Native Method)
	at sun.reflect.NativeMethodAccessorImpl.invoke(NativeMethodAccessorImpl.java:62)
	at sun.reflect.DelegatingMethodAccessorImpl.invoke(DelegatingMethodAccessorImpl.java:43)
	at java.lang.reflect.Method.invoke(Method.java:498)
	at org.testng.internal.MethodInvocationHelper.invokeMethod(MethodInvocationHelper.java:85)
	at org.testng.internal.MethodInvocationHelper$1.runTestMethod(MethodInvocationHelper.java:200)
	at cucumber.api.testng.AbstractTestNGCucumberTests.run(AbstractTestNGCucumberTests.java:19)
	at org.testng.internal.MethodInvocationHelper.invokeHookable(MethodInvocationHelper.java:212)
	at org.testng.internal.Invoker.invokeMethod(Invoker.java:689)
	at org.testng.internal.Invoker.invokeTestMethod(Invoker.java:882)
	at org.testng.internal.Invoker.invokeTestMethods(Invoker.java:1189)
	at org.testng.internal.TestMethodWorker.invokeTestMethods(TestMethodWorker.java:124)
	at org.testng.internal.TestMethodWorker.run(TestMethodWorker.java:108)
	at java.util.concurrent.ThreadPoolExecutor.runWorker(ThreadPoolExecutor.java:1142)
	at java.util.concurrent.ThreadPoolExecutor$Worker.run(ThreadPoolExecutor.java:617)
	at java.lang.Thread.run(Thread.java:745)
Caused by: org.openqa.selenium.WebDriverException: Failed to connect to binary FirefoxBinary(C:\Program Files\Mozilla Firefox\firefox.exe) on port 7055; process output follows: 
doTlsWbc5g65","location":"app-global","version":"44.0","type":"theme","internalName":"classic/1.0","updateURL":null,"updateKey":null,"optionsURL":null,"optionsType":null,"aboutURL":null,"icons":{"32":"icon.png","48":"icon.png"},"iconURL":null,"icon64URL":null,"defaultLocale":{"name":"Default","description":"The default theme.","creator":"Mozilla","homepageURL":null,"contributors":["Mozilla Contributors"]},"visible":true,"active":true,"userDisabled":false,"appDisabled":false,"descriptor":"C:\\Program Files\\Mozilla Firefox\\browser\\extensions\\{972ce4c6-7e08-4474-a285-3208198ce6fd}","installDate":1482203161597,"updateDate":1482203161597,"applyBackgroundUpdates":1,"skinnable":true,"size":24166,"sourceURI":null,"releaseNotesURI":null,"softDisabled":false,"foreignInstall":false,"hasBinaryComponents":false,"strictCompatibility":true,"locales":[],"targetApplications":[{"id":"{ec8030f7-c20a-464f-9b0e-13a3a9e97384}","minVersion":"44.0","maxVersion":"44.0"}],"targetPlatforms":[]}
1489322081335	addons.xpi	DEBUG	getModTime: Recursive scan of {972ce4c6-7e08-4474-a285-3208198ce6fd}
1489322081336	DeferredSave.extensions.json	DEBUG	Save changes
1489322081336	addons.xpi	DEBUG	Updating database with changes to installed add-ons
1489322081336	addons.xpi-utils	DEBUG	Updating add-on states
1489322081336	addons.xpi-utils	DEBUG	Writing add-ons list
1489322081345	addons.manager	DEBUG	Registering shutdown blocker for XPIProvider
1489322081346	addons.manager	DEBUG	Provider finished startup: XPIProvider
1489322081346	addons.manager	DEBUG	Starting provider: LightweightThemeManager
1489322081346	addons.manager	DEBUG	Registering shutdown blocker for LightweightThemeManager
1489322081346	addons.manager	DEBUG	Provider finished startup: LightweightThemeManager
1489322081346	addons.manager	DEBUG	Starting provider: GMPProvider
1489322081351	addons.manager	DEBUG	Registering shutdown blocker for GMPProvider
1489322081351	addons.manager	DEBUG	Provider finished startup: GMPProvider
1489322081351	addons.manager	DEBUG	Starting provider: PluginProvider
1489322081352	addons.manager	DEBUG	Registering shutdown blocker for PluginProvider
1489322081352	addons.manager	DEBUG	Provider finished startup: PluginProvider
1489322081352	addons.manager	DEBUG	Completed startup sequence
1489322081566	addons.manager	DEBUG	Starting provider: <unnamed-provider>
1489322081566	addons.manager	DEBUG	Registering shutdown blocker for <unnamed-provider>
1489322081567	addons.manager	DEBUG	Provider finished startup: <unnamed-provider>
1489322081657	DeferredSave.extensions.json	DEBUG	Starting write
1489322081867	addons.repository	DEBUG	No addons.json found.
1489322081868	DeferredSave.addons.json	DEBUG	Save changes
1489322081869	DeferredSave.addons.json	DEBUG	Starting timer
1489322081880	addons.manager	DEBUG	Starting provider: PreviousExperimentProvider
1489322081880	addons.manager	DEBUG	Registering shutdown blocker for PreviousExperimentProvider
1489322081880	addons.manager	DEBUG	Provider finished startup: PreviousExperimentProvider
1489322081883	DeferredSave.extensions.json	DEBUG	Write succeeded
1489322081883	addons.xpi-utils	DEBUG	XPI Database saved, setting schema version preference to 17
1489322082044	DeferredSave.addons.json	DEBUG	Starting write
1489322082378	DeferredSave.addons.json	DEBUG	Write succeeded
1489322123669	addons.manager	DEBUG	shutdown
1489322123670	addons.manager	DEBUG	Calling shutdown blocker for XPIProvider
1489322123670	addons.xpi	DEBUG	shutdown
1489322123670	addons.xpi-utils	DEBUG	shutdown
1489322123670	addons.manager	DEBUG	Calling shutdown blocker for LightweightThemeManager
1489322123671	addons.manager	DEBUG	Calling shutdown blocker for GMPProvider
1489322123672	addons.manager	DEBUG	Calling shutdown blocker for PluginProvider
1489322123672	addons.manager	DEBUG	Calling shutdown blocker for <unnamed-provider>
1489322123673	addons.manager	DEBUG	Calling shutdown blocker for PreviousExperimentProvider
1489322123675	addons.xpi	DEBUG	Notifying XPI shutdown observers
1489322123678	addons.manager	DEBUG	Async provider shutdown done

Build info: version: '2.46.0', revision: '61506a4624b13675f24581e453592342b7485d71', time: '2015-06-04 10:22:50'
System info: host: 'Alex-PC', ip: '192.168.1.106', os.name: 'Windows 10', os.arch: 'amd64', os.version: '10.0', java.version: '1.8.0_121'
Driver info: driver.version: FirefoxDriver
	at org.openqa.selenium.firefox.internal.NewProfileExtensionConnection.start(NewProfileExtensionConnection.java:132)
	at org.openqa.selenium.firefox.FirefoxDriver.startClient(FirefoxDriver.java:275)
	at org.openqa.selenium.remote.RemoteWebDriver.<init>(RemoteWebDriver.java:116)
	at org.openqa.selenium.firefox.FirefoxDriver.<init>(FirefoxDriver.java:220)
	at org.openqa.selenium.firefox.FirefoxDriver.<init>(FirefoxDriver.java:215)
	at org.openqa.selenium.firefox.FirefoxDriver.<init>(FirefoxDriver.java:211)
	at org.openqa.selenium.firefox.FirefoxDriver.<init>(FirefoxDriver.java:124)
	at uk.co.automatictester.jwebfwk.framework.ParentScenario.startBrowser(ParentScenario.java:22)
	at uk.co.automatictester.jwebfwk.glue.StepDefinitions.beforeScenario(StepDefinitions.java:20)
	at sun.reflect.NativeMethodAccessorImpl.invoke0(Native Method)
	at sun.reflect.NativeMethodAccessorImpl.invoke(NativeMethodAccessorImpl.java:62)
	at sun.reflect.DelegatingMethodAccessorImpl.invoke(DelegatingMethodAccessorImpl.java:43)
	at java.lang.reflect.Method.invoke(Method.java:498)
	at cucumber.runtime.Utils$1.call(Utils.java:37)
	at cucumber.runtime.Timeout.timeout(Timeout.java:13)
	at cucumber.runtime.Utils.invoke(Utils.java:31)
	at cucumber.runtime.java.JavaHookDefinition.execute(JavaHookDefinition.java:59)
	at cucumber.runtime.Runtime.runHookIfTagsMatch(Runtime.java:222)
	at cucumber.runtime.Runtime.runHooks(Runtime.java:210)
	at cucumber.runtime.Runtime.runBeforeHooks(Runtime.java:200)
	at cucumber.runtime.model.CucumberScenario.run(CucumberScenario.java:44)
	at cucumber.runtime.model.CucumberFeature.run(CucumberFeature.java:163)
	at cucumber.runtime.Runtime.run(Runtime.java:120)
	at cucumber.api.testng.TestNGCucumberRunner.runCukes(TestNGCucumberRunner.java:43)
	at cucumber.api.testng.AbstractTestNGCucumberTests.run_cukes(AbstractTestNGCucumberTests.java:14)
	at sun.reflect.NativeMethodAccessorImpl.invoke0(Native Method)
	at sun.reflect.NativeMethodAccessorImpl.invoke(NativeMethodAccessorImpl.java:62)
	at sun.reflect.DelegatingMethodAccessorImpl.invoke(DelegatingMethodAccessorImpl.java:43)
	at java.lang.reflect.Method.invoke(Method.java:498)
	at org.testng.internal.MethodInvocationHelper.invokeMethod(MethodInvocationHelper.java:85)
	at org.testng.internal.MethodInvocationHelper$1.runTestMethod(MethodInvocationHelper.java:200)
	at cucumber.api.testng.AbstractTestNGCucumberTests.run(AbstractTestNGCucumberTests.java:19)
	at org.testng.internal.MethodInvocationHelper.invokeHookable(MethodInvocationHelper.java:212)
	at org.testng.internal.Invoker.invokeMethod(Invoker.java:689)
	at org.testng.internal.Invoker.invokeTestMethod(Invoker.java:882)
	at org.testng.internal.Invoker.invokeTestMethods(Invoker.java:1189)
	at org.testng.internal.TestMethodWorker.invokeTestMethods(TestMethodWorker.java:124)
	at org.testng.internal.TestMethodWorker.run(TestMethodWorker.java:108)
	at java.util.concurrent.ThreadPoolExecutor.runWorker(ThreadPoolExecutor.java:1142)
	at java.util.concurrent.ThreadPoolExecutor$Worker.run(ThreadPoolExecutor.java:617)
	at java.lang.Thread.run(Thread.java:745)
Caused by: org.openqa.selenium.firefox.NotConnectedException: Unable to connect to host 127.0.0.1 on port 7055 after 45000 ms. Firefox console output:
doTlsWbc5g65","location":"app-global","version":"44.0","type":"theme","internalName":"classic/1.0","updateURL":null,"updateKey":null,"optionsURL":null,"optionsType":null,"aboutURL":null,"icons":{"32":"icon.png","48":"icon.png"},"iconURL":null,"icon64URL":null,"defaultLocale":{"name":"Default","description":"The default theme.","creator":"Mozilla","homepageURL":null,"contributors":["Mozilla Contributors"]},"visible":true,"active":true,"userDisabled":false,"appDisabled":false,"descriptor":"C:\\Program Files\\Mozilla Firefox\\browser\\extensions\\{972ce4c6-7e08-4474-a285-3208198ce6fd}","installDate":1482203161597,"updateDate":1482203161597,"applyBackgroundUpdates":1,"skinnable":true,"size":24166,"sourceURI":null,"releaseNotesURI":null,"softDisabled":false,"foreignInstall":false,"hasBinaryComponents":false,"strictCompatibility":true,"locales":[],"targetApplications":[{"id":"{ec8030f7-c20a-464f-9b0e-13a3a9e97384}","minVersion":"44.0","maxVersion":"44.0"}],"targetPlatforms":[]}
1489322081335	addons.xpi	DEBUG	getModTime: Recursive scan of {972ce4c6-7e08-4474-a285-3208198ce6fd}
1489322081336	DeferredSave.extensions.json	DEBUG	Save changes
1489322081336	addons.xpi	DEBUG	Updating database with changes to installed add-ons
1489322081336	addons.xpi-utils	DEBUG	Updating add-on states
1489322081336	addons.xpi-utils	DEBUG	Writing add-ons list
1489322081345	addons.manager	DEBUG	Registering shutdown blocker for XPIProvider
1489322081346	addons.manager	DEBUG	Provider finished startup: XPIProvider
1489322081346	addons.manager	DEBUG	Starting provider: LightweightThemeManager
1489322081346	addons.manager	DEBUG	Registering shutdown blocker for LightweightThemeManager
1489322081346	addons.manager	DEBUG	Provider finished startup: LightweightThemeManager
1489322081346	addons.manager	DEBUG	Starting provider: GMPProvider
1489322081351	addons.manager	DEBUG	Registering shutdown blocker for GMPProvider
1489322081351	addons.manager	DEBUG	Provider finished startup: GMPProvider
1489322081351	addons.manager	DEBUG	Starting provider: PluginProvider
1489322081352	addons.manager	DEBUG	Registering shutdown blocker for PluginProvider
1489322081352	addons.manager	DEBUG	Provider finished startup: PluginProvider
1489322081352	addons.manager	DEBUG	Completed startup sequence
1489322081566	addons.manager	DEBUG	Starting provider: <unnamed-provider>
1489322081566	addons.manager	DEBUG	Registering shutdown blocker for <unnamed-provider>
1489322081567	addons.manager	DEBUG	Provider finished startup: <unnamed-provider>
1489322081657	DeferredSave.extensions.json	DEBUG	Starting write
1489322081867	addons.repository	DEBUG	No addons.json found.
1489322081868	DeferredSave.addons.json	DEBUG	Save changes
1489322081869	DeferredSave.addons.json	DEBUG	Starting timer
1489322081880	addons.manager	DEBUG	Starting provider: PreviousExperimentProvider
1489322081880	addons.manager	DEBUG	Registering shutdown blocker for PreviousExperimentProvider
1489322081880	addons.manager	DEBUG	Provider finished startup: PreviousExperimentProvider
1489322081883	DeferredSave.extensions.json	DEBUG	Write succeeded
1489322081883	addons.xpi-utils	DEBUG	XPI Database saved, setting schema version preference to 17
1489322082044	DeferredSave.addons.json	DEBUG	Starting write
1489322082378	DeferredSave.addons.json	DEBUG	Write succeeded
1489322123669	addons.manager	DEBUG	shutdown
1489322123670	addons.manager	DEBUG	Calling shutdown blocker for XPIProvider
1489322123670	addons.xpi	DEBUG	shutdown
1489322123670	addons.xpi-utils	DEBUG	shutdown
1489322123670	addons.manager	DEBUG	Calling shutdown blocker for LightweightThemeManager
1489322123671	addons.manager	DEBUG	Calling shutdown blocker for GMPProvider
1489322123672	addons.manager	DEBUG	Calling shutdown blocker for PluginProvider
1489322123672	addons.manager	DEBUG	Calling shutdown blocker for <unnamed-provider>
1489322123673	addons.manager	DEBUG	Calling shutdown blocker for PreviousExperimentProvider
1489322123675	addons.xpi	DEBUG	Notifying XPI shutdown observers
1489322123678	addons.manager	DEBUG	Async provider shutdown done

	at org.openqa.selenium.firefox.internal.NewProfileExtensionConnection.start(NewProfileExtensionConnection.java:120)
	at org.openqa.selenium.firefox.FirefoxDriver.startClient(FirefoxDriver.java:275)
	at org.openqa.selenium.remote.RemoteWebDriver.<init>(RemoteWebDriver.java:116)
	at org.openqa.selenium.firefox.FirefoxDriver.<init>(FirefoxDriver.java:220)
	at org.openqa.selenium.firefox.FirefoxDriver.<init>(FirefoxDriver.java:215)
	at org.openqa.selenium.firefox.FirefoxDriver.<init>(FirefoxDriver.java:211)
	at org.openqa.selenium.firefox.FirefoxDriver.<init>(FirefoxDriver.java:124)
	at uk.co.automatictester.jwebfwk.framework.ParentScenario.startBrowser(ParentScenario.java:22)
	at uk.co.automatictester.jwebfwk.glue.StepDefinitions.beforeScenario(StepDefinitions.java:20)
	at sun.reflect.NativeMethodAccessorImpl.invoke0(Native Method)
	at sun.reflect.NativeMethodAccessorImpl.invoke(NativeMethodAccessorImpl.java:62)
	at sun.reflect.DelegatingMethodAccessorImpl.invoke(DelegatingMethodAccessorImpl.java:43)
	at java.lang.reflect.Method.invoke(Method.java:498)
	at cucumber.runtime.Utils$1.call(Utils.java:37)
	at cucumber.runtime.Timeout.timeout(Timeout.java:13)
	at cucumber.runtime.Utils.invoke(Utils.java:31)
	at cucumber.runtime.java.JavaHookDefinition.execute(JavaHookDefinition.java:59)
	at cucumber.runtime.Runtime.runHookIfTagsMatch(Runtime.java:222)
	at cucumber.runtime.Runtime.runHooks(Runtime.java:210)
	at cucumber.runtime.Runtime.runBeforeHooks(Runtime.java:200)
	at cucumber.runtime.model.CucumberScenario.run(CucumberScenario.java:44)
	at cucumber.runtime.model.CucumberFeature.run(CucumberFeature.java:163)
	at cucumber.runtime.Runtime.run(Runtime.java:120)
	at cucumber.api.testng.TestNGCucumberRunner.runCukes(TestNGCucumberRunner.java:43)
	at cucumber.api.testng.AbstractTestNGCucumberTests.run_cukes(AbstractTestNGCucumberTests.java:14)
	at sun.reflect.NativeMethodAccessorImpl.invoke0(Native Method)
	at sun.reflect.NativeMethodAccessorImpl.invoke(NativeMethodAccessorImpl.java:62)
	at sun.reflect.DelegatingMethodAccessorImpl.invoke(DelegatingMethodAccessorImpl.java:43)
	at java.lang.reflect.Method.invoke(Method.java:498)
	at org.testng.internal.MethodInvocationHelper.invokeMethod(MethodInvocationHelper.java:85)
	at org.testng.internal.MethodInvocationHelper$1.runTestMethod(MethodInvocationHelper.java:200)
	at cucumber.api.testng.AbstractTestNGCucumberTests.run(AbstractTestNGCucumberTests.java:19)
	at org.testng.internal.MethodInvocationHelper.invokeHookable(MethodInvocationHelper.java:212)
	at org.testng.internal.Invoker.invokeMethod(Invoker.java:689)
	at org.testng.internal.Invoker.invokeTestMethod(Invoker.java:882)
	at org.testng.internal.Invoker.invokeTestMethods(Invoker.java:1189)
	at org.testng.internal.TestMethodWorker.invokeTestMethods(TestMethodWorker.java:124)
	at org.testng.internal.TestMethodWorker.run(TestMethodWorker.java:108)
	at java.util.concurrent.ThreadPoolExecutor.runWorker(ThreadPoolExecutor.java:1142)
	at java.util.concurrent.ThreadPoolExecutor$Worker.run(ThreadPoolExecutor.java:617)
	at java.lang.Thread.run(Thread.java:745)
]]></failure>
    <system-out><![CDATA[&amp#27;[31mFailure in before hook:&amp#27;[0m&amp#27;[31mStepDefinitions.beforeScenario()&amp#27;[0m
&amp#27;[31mMessage: &amp#27;[0m&amp#27;[31morg.openqa.selenium.WebDriverException: Failed to connect to binary FirefoxBinary(C:\Program Files\Mozilla Firefox\firefox.exe) on port 7055; process output follows: 
doTlsWbc5g65","location":"app-global","version":"44.0","type":"theme","internalName":"classic/1.0","updateURL":null,"updateKey":null,"optionsURL":null,"optionsType":null,"aboutURL":null,"icons":{"32":"icon.png","48":"icon.png"},"iconURL":null,"icon64URL":null,"defaultLocale":{"name":"Default","description":"The default theme.","creator":"Mozilla","homepageURL":null,"contributors":["Mozilla Contributors"]},"visible":true,"active":true,"userDisabled":false,"appDisabled":false,"descriptor":"C:\\Program Files\\Mozilla Firefox\\browser\\extensions\\{972ce4c6-7e08-4474-a285-3208198ce6fd}","installDate":1482203161597,"updateDate":1482203161597,"applyBackgroundUpdates":1,"skinnable":true,"size":24166,"sourceURI":null,"releaseNotesURI":null,"softDisabled":false,"foreignInstall":false,"hasBinaryComponents":false,"strictCompatibility":true,"locales":[],"targetApplications":[{"id":"{ec8030f7-c20a-464f-9b0e-13a3a9e97384}","minVersion":"44.0","maxVersion":"44.0"}],"targetPlatforms":[]}
1489322081335	addons.xpi	DEBUG	getModTime: Recursive scan of {972ce4c6-7e08-4474-a285-3208198ce6fd}
1489322081336	DeferredSave.extensions.json	DEBUG	Save changes
1489322081336	addons.xpi	DEBUG	Updating database with changes to installed add-ons
1489322081336	addons.xpi-utils	DEBUG	Updating add-on states
1489322081336	addons.xpi-utils	DEBUG	Writing add-ons list
1489322081345	addons.manager	DEBUG	Registering shutdown blocker for XPIProvider
1489322081346	addons.manager	DEBUG	Provider finished startup: XPIProvider
1489322081346	addons.manager	DEBUG	Starting provider: LightweightThemeManager
1489322081346	addons.manager	DEBUG	Registering shutdown blocker for LightweightThemeManager
1489322081346	addons.manager	DEBUG	Provider finished startup: LightweightThemeManager
1489322081346	addons.manager	DEBUG	Starting provider: GMPProvider
1489322081351	addons.manager	DEBUG	Registering shutdown blocker for GMPProvider
1489322081351	addons.manager	DEBUG	Provider finished startup: GMPProvider
1489322081351	addons.manager	DEBUG	Starting provider: PluginProvider
1489322081352	addons.manager	DEBUG	Registering shutdown blocker for PluginProvider
1489322081352	addons.manager	DEBUG	Provider finished startup: PluginProvider
1489322081352	addons.manager	DEBUG	Completed startup sequence
1489322081566	addons.manager	DEBUG	Starting provider: <unnamed-provider>
1489322081566	addons.manager	DEBUG	Registering shutdown blocker for <unnamed-provider>
1489322081567	addons.manager	DEBUG	Provider finished startup: <unnamed-provider>
1489322081657	DeferredSave.extensions.json	DEBUG	Starting write
1489322081867	addons.repository	DEBUG	No addons.json found.
1489322081868	DeferredSave.addons.json	DEBUG	Save changes
1489322081869	DeferredSave.addons.json	DEBUG	Starting timer
1489322081880	addons.manager	DEBUG	Starting provider: PreviousExperimentProvider
1489322081880	addons.manager	DEBUG	Registering shutdown blocker for PreviousExperimentProvider
1489322081880	addons.manager	DEBUG	Provider finished startup: PreviousExperimentProvider
1489322081883	DeferredSave.extensions.json	DEBUG	Write succeeded
1489322081883	addons.xpi-utils	DEBUG	XPI Database saved, setting schema version preference to 17
1489322082044	DeferredSave.addons.json	DEBUG	Starting write
1489322082378	DeferredSave.addons.json	DEBUG	Write succeeded
1489322123669	addons.manager	DEBUG	shutdown
1489322123670	addons.manager	DEBUG	Calling shutdown blocker for XPIProvider
1489322123670	addons.xpi	DEBUG	shutdown
1489322123670	addons.xpi-utils	DEBUG	shutdown
1489322123670	addons.manager	DEBUG	Calling shutdown blocker for LightweightThemeManager
1489322123671	addons.manager	DEBUG	Calling shutdown blocker for GMPProvider
1489322123672	addons.manager	DEBUG	Calling shutdown blocker for PluginProvider
1489322123672	addons.manager	DEBUG	Calling shutdown blocker for <unnamed-provider>
1489322123673	addons.manager	DEBUG	Calling shutdown blocker for PreviousExperimentProvider
1489322123675	addons.xpi	DEBUG	Notifying XPI shutdown observers
1489322123678	addons.manager	DEBUG	Async provider shutdown done

Build info: version: '2.46.0', revision: '61506a4624b13675f24581e453592342b7485d71', time: '2015-06-04 10:22:50'
System info: host: 'Alex-PC', ip: '192.168.1.106', os.name: 'Windows 10', os.arch: 'amd64', os.version: '10.0', java.version: '1.8.0_121'
Driver info: driver.version: FirefoxDriver
	at org.openqa.selenium.firefox.internal.NewProfileExtensionConnection.start(NewProfileExtensionConnection.java:132)
	at org.openqa.selenium.firefox.FirefoxDriver.startClient(FirefoxDriver.java:275)
	at org.openqa.selenium.remote.RemoteWebDriver.<init>(RemoteWebDriver.java:116)
	at org.openqa.selenium.firefox.FirefoxDriver.<init>(FirefoxDriver.java:220)
	at org.openqa.selenium.firefox.FirefoxDriver.<init>(FirefoxDriver.java:215)
	at org.openqa.selenium.firefox.FirefoxDriver.<init>(FirefoxDriver.java:211)
	at org.openqa.selenium.firefox.FirefoxDriver.<init>(FirefoxDriver.java:124)
	at uk.co.automatictester.jwebfwk.framework.ParentScenario.startBrowser(ParentScenario.java:22)
	at uk.co.automatictester.jwebfwk.glue.StepDefinitions.beforeScenario(StepDefinitions.java:20)
	at sun.reflect.NativeMethodAccessorImpl.invoke0(Native Method)
	at sun.reflect.NativeMethodAccessorImpl.invoke(NativeMethodAccessorImpl.java:62)
	at sun.reflect.DelegatingMethodAccessorImpl.invoke(DelegatingMethodAccessorImpl.java:43)
	at java.lang.reflect.Method.invoke(Method.java:498)
	at cucumber.runtime.Utils$1.call(Utils.java:37)
	at cucumber.runtime.Timeout.timeout(Timeout.java:13)
	at cucumber.runtime.Utils.invoke(Utils.java:31)
	at cucumber.runtime.java.JavaHookDefinition.execute(JavaHookDefinition.java:59)
	at cucumber.runtime.Runtime.runHookIfTagsMatch(Runtime.java:222)
	at cucumber.runtime.Runtime.runHooks(Runtime.java:210)
	at cucumber.runtime.Runtime.runBeforeHooks(Runtime.java:200)
	at cucumber.runtime.model.CucumberScenario.run(CucumberScenario.java:44)
	at cucumber.runtime.model.CucumberFeature.run(CucumberFeature.java:163)
	at cucumber.runtime.Runtime.run(Runtime.java:120)
	at cucumber.api.testng.TestNGCucumberRunner.runCukes(TestNGCucumberRunner.java:43)
	at cucumber.api.testng.AbstractTestNGCucumberTests.run_cukes(AbstractTestNGCucumberTests.java:14)
	at sun.reflect.NativeMethodAccessorImpl.invoke0(Native Method)
	at sun.reflect.NativeMethodAccessorImpl.invoke(NativeMethodAccessorImpl.java:62)
	at sun.reflect.DelegatingMethodAccessorImpl.invoke(DelegatingMethodAccessorImpl.java:43)
	at java.lang.reflect.Method.invoke(Method.java:498)
	at org.testng.internal.MethodInvocationHelper.invokeMethod(MethodInvocationHelper.java:85)
	at org.testng.internal.MethodInvocationHelper$1.runTestMethod(MethodInvocationHelper.java:200)
	at cucumber.api.testng.AbstractTestNGCucumberTests.run(AbstractTestNGCucumberTests.java:19)
	at org.testng.internal.MethodInvocationHelper.invokeHookable(MethodInvocationHelper.java:212)
	at org.testng.internal.Invoker.invokeMethod(Invoker.java:689)
	at org.testng.internal.Invoker.invokeTestMethod(Invoker.java:882)
	at org.testng.internal.Invoker.invokeTestMethods(Invoker.java:1189)
	at org.testng.internal.TestMethodWorker.invokeTestMethods(TestMethodWorker.java:124)
	at org.testng.internal.TestMethodWorker.run(TestMethodWorker.java:108)
	at java.util.concurrent.ThreadPoolExecutor.runWorker(ThreadPoolExecutor.java:1142)
	at java.util.concurrent.ThreadPoolExecutor$Worker.run(ThreadPoolExecutor.java:617)
	at java.lang.Thread.run(Thread.java:745)
Caused by: org.openqa.selenium.firefox.NotConnectedException: Unable to connect to host 127.0.0.1 on port 7055 after 45000 ms. Firefox console output:
doTlsWbc5g65","location":"app-global","version":"44.0","type":"theme","internalName":"classic/1.0","updateURL":null,"updateKey":null,"optionsURL":null,"optionsType":null,"aboutURL":null,"icons":{"32":"icon.png","48":"icon.png"},"iconURL":null,"icon64URL":null,"defaultLocale":{"name":"Default","description":"The default theme.","creator":"Mozilla","homepageURL":null,"contributors":["Mozilla Contributors"]},"visible":true,"active":true,"userDisabled":false,"appDisabled":false,"descriptor":"C:\\Program Files\\Mozilla Firefox\\browser\\extensions\\{972ce4c6-7e08-4474-a285-3208198ce6fd}","installDate":1482203161597,"updateDate":1482203161597,"applyBackgroundUpdates":1,"skinnable":true,"size":24166,"sourceURI":null,"releaseNotesURI":null,"softDisabled":false,"foreignInstall":false,"hasBinaryComponents":false,"strictCompatibility":true,"locales":[],"targetApplications":[{"id":"{ec8030f7-c20a-464f-9b0e-13a3a9e97384}","minVersion":"44.0","maxVersion":"44.0"}],"targetPlatforms":[]}
1489322081335	addons.xpi	DEBUG	getModTime: Recursive scan of {972ce4c6-7e08-4474-a285-3208198ce6fd}
1489322081336	DeferredSave.extensions.json	DEBUG	Save changes
1489322081336	addons.xpi	DEBUG	Updating database with changes to installed add-ons
1489322081336	addons.xpi-utils	DEBUG	Updating add-on states
1489322081336	addons.xpi-utils	DEBUG	Writing add-ons list
1489322081345	addons.manager	DEBUG	Registering shutdown blocker for XPIProvider
1489322081346	addons.manager	DEBUG	Provider finished startup: XPIProvider
1489322081346	addons.manager	DEBUG	Starting provider: LightweightThemeManager
1489322081346	addons.manager	DEBUG	Registering shutdown blocker for LightweightThemeManager
1489322081346	addons.manager	DEBUG	Provider finished startup: LightweightThemeManager
1489322081346	addons.manager	DEBUG	Starting provider: GMPProvider
1489322081351	addons.manager	DEBUG	Registering shutdown blocker for GMPProvider
1489322081351	addons.manager	DEBUG	Provider finished startup: GMPProvider
1489322081351	addons.manager	DEBUG	Starting provider: PluginProvider
1489322081352	addons.manager	DEBUG	Registering shutdown blocker for PluginProvider
1489322081352	addons.manager	DEBUG	Provider finished startup: PluginProvider
1489322081352	addons.manager	DEBUG	Completed startup sequence
1489322081566	addons.manager	DEBUG	Starting provider: <unnamed-provider>
1489322081566	addons.manager	DEBUG	Registering shutdown blocker for <unnamed-provider>
1489322081567	addons.manager	DEBUG	Provider finished startup: <unnamed-provider>
1489322081657	DeferredSave.extensions.json	DEBUG	Starting write
1489322081867	addons.repository	DEBUG	No addons.json found.
1489322081868	DeferredSave.addons.json	DEBUG	Save changes
1489322081869	DeferredSave.addons.json	DEBUG	Starting timer
1489322081880	addons.manager	DEBUG	Starting provider: PreviousExperimentProvider
1489322081880	addons.manager	DEBUG	Registering shutdown blocker for PreviousExperimentProvider
1489322081880	addons.manager	DEBUG	Provider finished startup: PreviousExperimentProvider
1489322081883	DeferredSave.extensions.json	DEBUG	Write succeeded
1489322081883	addons.xpi-utils	DEBUG	XPI Database saved, setting schema version preference to 17
1489322082044	DeferredSave.addons.json	DEBUG	Starting write
1489322082378	DeferredSave.addons.json	DEBUG	Write succeeded
1489322123669	addons.manager	DEBUG	shutdown
1489322123670	addons.manager	DEBUG	Calling shutdown blocker for XPIProvider
1489322123670	addons.xpi	DEBUG	shutdown
1489322123670	addons.xpi-utils	DEBUG	shutdown
1489322123670	addons.manager	DEBUG	Calling shutdown blocker for LightweightThemeManager
1489322123671	addons.manager	DEBUG	Calling shutdown blocker for GMPProvider
1489322123672	addons.manager	DEBUG	Calling shutdown blocker for PluginProvider
1489322123672	addons.manager	DEBUG	Calling shutdown blocker for <unnamed-provider>
1489322123673	addons.manager	DEBUG	Calling shutdown blocker for PreviousExperimentProvider
1489322123675	addons.xpi	DEBUG	Notifying XPI shutdown observers
1489322123678	addons.manager	DEBUG	Async provider shutdown done

	at org.openqa.selenium.firefox.internal.NewProfileExtensionConnection.start(NewProfileExtensionConnection.java:120)
	... 40 more
&amp#27;[0m
      &amp#27;[31morg.openqa.selenium.WebDriverException: Failed to connect to binary FirefoxBinary(C:\Program Files\Mozilla Firefox\firefox.exe) on port 7055; process output follows: 
      doTlsWbc5g65","location":"app-global","version":"44.0","type":"theme","internalName":"classic/1.0","updateURL":null,"updateKey":null,"optionsURL":null,"optionsType":null,"aboutURL":null,"icons":{"32":"icon.png","48":"icon.png"},"iconURL":null,"icon64URL":null,"defaultLocale":{"name":"Default","description":"The default theme.","creator":"Mozilla","homepageURL":null,"contributors":["Mozilla Contributors"]},"visible":true,"active":true,"userDisabled":false,"appDisabled":false,"descriptor":"C:\\Program Files\\Mozilla Firefox\\browser\\extensions\\{972ce4c6-7e08-4474-a285-3208198ce6fd}","installDate":1482203161597,"updateDate":1482203161597,"applyBackgroundUpdates":1,"skinnable":true,"size":24166,"sourceURI":null,"releaseNotesURI":null,"softDisabled":false,"foreignInstall":false,"hasBinaryComponents":false,"strictCompatibility":true,"locales":[],"targetApplications":[{"id":"{ec8030f7-c20a-464f-9b0e-13a3a9e97384}","minVersion":"44.0","maxVersion":"44.0"}],"targetPlatforms":[]}
      1489322081335	addons.xpi	DEBUG	getModTime: Recursive scan of {972ce4c6-7e08-4474-a285-3208198ce6fd}
      1489322081336	DeferredSave.extensions.json	DEBUG	Save changes
      1489322081336	addons.xpi	DEBUG	Updating database with changes to installed add-ons
      1489322081336	addons.xpi-utils	DEBUG	Updating add-on states
      1489322081336	addons.xpi-utils	DEBUG	Writing add-ons list
      1489322081345	addons.manager	DEBUG	Registering shutdown blocker for XPIProvider
      1489322081346	addons.manager	DEBUG	Provider finished startup: XPIProvider
      1489322081346	addons.manager	DEBUG	Starting provider: LightweightThemeManager
      1489322081346	addons.manager	DEBUG	Registering shutdown blocker for LightweightThemeManager
      1489322081346	addons.manager	DEBUG	Provider finished startup: LightweightThemeManager
      1489322081346	addons.manager	DEBUG	Starting provider: GMPProvider
      1489322081351	addons.manager	DEBUG	Registering shutdown blocker for GMPProvider
      1489322081351	addons.manager	DEBUG	Provider finished startup: GMPProvider
      1489322081351	addons.manager	DEBUG	Starting provider: PluginProvider
      1489322081352	addons.manager	DEBUG	Registering shutdown blocker for PluginProvider
      1489322081352	addons.manager	DEBUG	Provider finished startup: PluginProvider
      1489322081352	addons.manager	DEBUG	Completed startup sequence
      1489322081566	addons.manager	DEBUG	Starting provider: <unnamed-provider>
      1489322081566	addons.manager	DEBUG	Registering shutdown blocker for <unnamed-provider>
      1489322081567	addons.manager	DEBUG	Provider finished startup: <unnamed-provider>
      1489322081657	DeferredSave.extensions.json	DEBUG	Starting write
      1489322081867	addons.repository	DEBUG	No addons.json found.
      1489322081868	DeferredSave.addons.json	DEBUG	Save changes
      1489322081869	DeferredSave.addons.json	DEBUG	Starting timer
      1489322081880	addons.manager	DEBUG	Starting provider: PreviousExperimentProvider
      1489322081880	addons.manager	DEBUG	Registering shutdown blocker for PreviousExperimentProvider
      1489322081880	addons.manager	DEBUG	Provider finished startup: PreviousExperimentProvider
      1489322081883	DeferredSave.extensions.json	DEBUG	Write succeeded
      1489322081883	addons.xpi-utils	DEBUG	XPI Database saved, setting schema version preference to 17
      1489322082044	DeferredSave.addons.json	DEBUG	Starting write
      1489322082378	DeferredSave.addons.json	DEBUG	Write succeeded
      1489322123669	addons.manager	DEBUG	shutdown
      1489322123670	addons.manager	DEBUG	Calling shutdown blocker for XPIProvider
      1489322123670	addons.xpi	DEBUG	shutdown
      1489322123670	addons.xpi-utils	DEBUG	shutdown
      1489322123670	addons.manager	DEBUG	Calling shutdown blocker for LightweightThemeManager
      1489322123671	addons.manager	DEBUG	Calling shutdown blocker for GMPProvider
      1489322123672	addons.manager	DEBUG	Calling shutdown blocker for PluginProvider
      1489322123672	addons.manager	DEBUG	Calling shutdown blocker for <unnamed-provider>
      1489322123673	addons.manager	DEBUG	Calling shutdown blocker for PreviousExperimentProvider
      1489322123675	addons.xpi	DEBUG	Notifying XPI shutdown observers
      1489322123678	addons.manager	DEBUG	Async provider shutdown done
      
      Build info: version: '2.46.0', revision: '61506a4624b13675f24581e453592342b7485d71', time: '2015-06-04 10:22:50'
      System info: host: 'Alex-PC', ip: '192.168.1.106', os.name: 'Windows 10', os.arch: 'amd64', os.version: '10.0', java.version: '1.8.0_121'
      Driver info: driver.version: FirefoxDriver
      	at org.openqa.selenium.firefox.internal.NewProfileExtensionConnection.start(NewProfileExtensionConnection.java:132)
      	at org.openqa.selenium.firefox.FirefoxDriver.startClient(FirefoxDriver.java:275)
      	at org.openqa.selenium.remote.RemoteWebDriver.<init>(RemoteWebDriver.java:116)
      	at org.openqa.selenium.firefox.FirefoxDriver.<init>(FirefoxDriver.java:220)
      	at org.openqa.selenium.firefox.FirefoxDriver.<init>(FirefoxDriver.java:215)
      	at org.openqa.selenium.firefox.FirefoxDriver.<init>(FirefoxDriver.java:211)
      	at org.openqa.selenium.firefox.FirefoxDriver.<init>(FirefoxDriver.java:124)
      	at uk.co.automatictester.jwebfwk.framework.ParentScenario.startBrowser(ParentScenario.java:22)
      	at uk.co.automatictester.jwebfwk.glue.StepDefinitions.beforeScenario(StepDefinitions.java:20)
      	at sun.reflect.NativeMethodAccessorImpl.invoke0(Native Method)
      	at sun.reflect.NativeMethodAccessorImpl.invoke(NativeMethodAccessorImpl.java:62)
      	at sun.reflect.DelegatingMethodAccessorImpl.invoke(DelegatingMethodAccessorImpl.java:43)
      	at java.lang.reflect.Method.invoke(Method.java:498)
      	at cucumber.runtime.Utils$1.call(Utils.java:37)
      	at cucumber.runtime.Timeout.timeout(Timeout.java:13)
      	at cucumber.runtime.Utils.invoke(Utils.java:31)
      	at cucumber.runtime.java.JavaHookDefinition.execute(JavaHookDefinition.java:59)
      	at cucumber.runtime.Runtime.runHookIfTagsMatch(Runtime.java:222)
      	at cucumber.runtime.Runtime.runHooks(Runtime.java:210)
      	at cucumber.runtime.Runtime.runBeforeHooks(Runtime.java:200)
      	at cucumber.runtime.model.CucumberScenario.run(CucumberScenario.java:44)
      	at cucumber.runtime.model.CucumberFeature.run(CucumberFeature.java:163)
      	at cucumber.runtime.Runtime.run(Runtime.java:120)
      	at cucumber.api.testng.TestNGCucumberRunner.runCukes(TestNGCucumberRunner.java:43)
      	at cucumber.api.testng.AbstractTestNGCucumberTests.run_cukes(AbstractTestNGCucumberTests.java:14)
      	at sun.reflect.NativeMethodAccessorImpl.invoke0(Native Method)
      	at sun.reflect.NativeMethodAccessorImpl.invoke(NativeMethodAccessorImpl.java:62)
      	at sun.reflect.DelegatingMethodAccessorImpl.invoke(DelegatingMethodAccessorImpl.java:43)
      	at java.lang.reflect.Method.invoke(Method.java:498)
      	at org.testng.internal.MethodInvocationHelper.invokeMethod(MethodInvocationHelper.java:85)
      	at org.testng.internal.MethodInvocationHelper$1.runTestMethod(MethodInvocationHelper.java:200)
      	at cucumber.api.testng.AbstractTestNGCucumberTests.run(AbstractTestNGCucumberTests.java:19)
      	at org.testng.internal.MethodInvocationHelper.invokeHookable(MethodInvocationHelper.java:212)
      	at org.testng.internal.Invoker.invokeMethod(Invoker.java:689)
      	at org.testng.internal.Invoker.invokeTestMethod(Invoker.java:882)
      	at org.testng.internal.Invoker.invokeTestMethods(Invoker.java:1189)
      	at org.testng.internal.TestMethodWorker.invokeTestMethods(TestMethodWorker.java:124)
      	at org.testng.internal.TestMethodWorker.run(TestMethodWorker.java:108)
      	at java.util.concurrent.ThreadPoolExecutor.runWorker(ThreadPoolExecutor.java:1142)
      	at java.util.concurrent.ThreadPoolExecutor$Worker.run(ThreadPoolExecutor.java:617)
      	at java.lang.Thread.run(Thread.java:745)
      Caused by: org.openqa.selenium.firefox.NotConnectedException: Unable to connect to host 127.0.0.1 on port 7055 after 45000 ms. Firefox console output:
      doTlsWbc5g65","location":"app-global","version":"44.0","type":"theme","internalName":"classic/1.0","updateURL":null,"updateKey":null,"optionsURL":null,"optionsType":null,"aboutURL":null,"icons":{"32":"icon.png","48":"icon.png"},"iconURL":null,"icon64URL":null,"defaultLocale":{"name":"Default","description":"The default theme.","creator":"Mozilla","homepageURL":null,"contributors":["Mozilla Contributors"]},"visible":true,"active":true,"userDisabled":false,"appDisabled":false,"descriptor":"C:\\Program Files\\Mozilla Firefox\\browser\\extensions\\{972ce4c6-7e08-4474-a285-3208198ce6fd}","installDate":1482203161597,"updateDate":1482203161597,"applyBackgroundUpdates":1,"skinnable":true,"size":24166,"sourceURI":null,"releaseNotesURI":null,"softDisabled":false,"foreignInstall":false,"hasBinaryComponents":false,"strictCompatibility":true,"locales":[],"targetApplications":[{"id":"{ec8030f7-c20a-464f-9b0e-13a3a9e97384}","minVersion":"44.0","maxVersion":"44.0"}],"targetPlatforms":[]}
      1489322081335	addons.xpi	DEBUG	getModTime: Recursive scan of {972ce4c6-7e08-4474-a285-3208198ce6fd}
      1489322081336	DeferredSave.extensions.json	DEBUG	Save changes
      1489322081336	addons.xpi	DEBUG	Updating database with changes to installed add-ons
      1489322081336	addons.xpi-utils	DEBUG	Updating add-on states
      1489322081336	addons.xpi-utils	DEBUG	Writing add-ons list
      1489322081345	addons.manager	DEBUG	Registering shutdown blocker for XPIProvider
      1489322081346	addons.manager	DEBUG	Provider finished startup: XPIProvider
      1489322081346	addons.manager	DEBUG	Starting provider: LightweightThemeManager
      1489322081346	addons.manager	DEBUG	Registering shutdown blocker for LightweightThemeManager
      1489322081346	addons.manager	DEBUG	Provider finished startup: LightweightThemeManager
      1489322081346	addons.manager	DEBUG	Starting provider: GMPProvider
      1489322081351	addons.manager	DEBUG	Registering shutdown blocker for GMPProvider
      1489322081351	addons.manager	DEBUG	Provider finished startup: GMPProvider
      1489322081351	addons.manager	DEBUG	Starting provider: PluginProvider
      1489322081352	addons.manager	DEBUG	Registering shutdown blocker for PluginProvider
      1489322081352	addons.manager	DEBUG	Provider finished startup: PluginProvider
      1489322081352	addons.manager	DEBUG	Completed startup sequence
      1489322081566	addons.manager	DEBUG	Starting provider: <unnamed-provider>
      1489322081566	addons.manager	DEBUG	Registering shutdown blocker for <unnamed-provider>
      1489322081567	addons.manager	DEBUG	Provider finished startup: <unnamed-provider>
      1489322081657	DeferredSave.extensions.json	DEBUG	Starting write
      1489322081867	addons.repository	DEBUG	No addons.json found.
      1489322081868	DeferredSave.addons.json	DEBUG	Save changes
      1489322081869	DeferredSave.addons.json	DEBUG	Starting timer
      1489322081880	addons.manager	DEBUG	Starting provider: PreviousExperimentProvider
      1489322081880	addons.manager	DEBUG	Registering shutdown blocker for PreviousExperimentProvider
      1489322081880	addons.manager	DEBUG	Provider finished startup: PreviousExperimentProvider
      1489322081883	DeferredSave.extensions.json	DEBUG	Write succeeded
      1489322081883	addons.xpi-utils	DEBUG	XPI Database saved, setting schema version preference to 17
      1489322082044	DeferredSave.addons.json	DEBUG	Starting write
      1489322082378	DeferredSave.addons.json	DEBUG	Write succeeded
      1489322123669	addons.manager	DEBUG	shutdown
      1489322123670	addons.manager	DEBUG	Calling shutdown blocker for XPIProvider
      1489322123670	addons.xpi	DEBUG	shutdown
      1489322123670	addons.xpi-utils	DEBUG	shutdown
      1489322123670	addons.manager	DEBUG	Calling shutdown blocker for LightweightThemeManager
      1489322123671	addons.manager	DEBUG	Calling shutdown blocker for GMPProvider
      1489322123672	addons.manager	DEBUG	Calling shutdown blocker for PluginProvider
      1489322123672	addons.manager	DEBUG	Calling shutdown blocker for <unnamed-provider>
      1489322123673	addons.manager	DEBUG	Calling shutdown blocker for PreviousExperimentProvider
      1489322123675	addons.xpi	DEBUG	Notifying XPI shutdown observers
      1489322123678	addons.manager	DEBUG	Async provider shutdown done
      
      	at org.openqa.selenium.firefox.internal.NewProfileExtensionConnection.start(NewProfileExtensionConnection.java:120)
      	... 40 more
      &amp#27;[0m
&amp#27;[31mFailure in after hook:&amp#27;[0m&amp#27;[31mStepDefinitions.afterScenario()&amp#27;[0m
&amp#27;[31mMessage: &amp#27;[0m&amp#27;[31mjava.lang.NullPointerException
	at uk.co.automatictester.jwebfwk.framework.ParentScenario.closeBrowser(ParentScenario.java:34)
	at uk.co.automatictester.jwebfwk.glue.StepDefinitions.afterScenario(StepDefinitions.java:40)
	at sun.reflect.NativeMethodAccessorImpl.invoke0(Native Method)
	at sun.reflect.NativeMethodAccessorImpl.invoke(NativeMethodAccessorImpl.java:62)
	at sun.reflect.DelegatingMethodAccessorImpl.invoke(DelegatingMethodAccessorImpl.java:43)
	at java.lang.reflect.Method.invoke(Method.java:498)
	at cucumber.runtime.Utils$1.call(Utils.java:37)
	at cucumber.runtime.Timeout.timeout(Timeout.java:13)
	at cucumber.runtime.Utils.invoke(Utils.java:31)
	at cucumber.runtime.java.JavaHookDefinition.execute(JavaHookDefinition.java:59)
	at cucumber.runtime.Runtime.runHookIfTagsMatch(Runtime.java:222)
	at cucumber.runtime.Runtime.runHooks(Runtime.java:210)
	at cucumber.runtime.Runtime.runAfterHooks(Runtime.java:204)
	at cucumber.runtime.model.CucumberScenario.run(CucumberScenario.java:50)
	at cucumber.runtime.model.CucumberFeature.run(CucumberFeature.java:163)
	at cucumber.runtime.Runtime.run(Runtime.java:120)
	at cucumber.api.testng.TestNGCucumberRunner.runCukes(TestNGCucumberRunner.java:43)
	at cucumber.api.testng.AbstractTestNGCucumberTests.run_cukes(AbstractTestNGCucumberTests.java:14)
	at sun.reflect.NativeMethodAccessorImpl.invoke0(Native Method)
	at sun.reflect.NativeMethodAccessorImpl.invoke(NativeMethodAccessorImpl.java:62)
	at sun.reflect.DelegatingMethodAccessorImpl.invoke(DelegatingMethodAccessorImpl.java:43)
	at java.lang.reflect.Method.invoke(Method.java:498)
	at org.testng.internal.MethodInvocationHelper.invokeMethod(MethodInvocationHelper.java:85)
	at org.testng.internal.MethodInvocationHelper$1.runTestMethod(MethodInvocationHelper.java:200)
	at cucumber.api.testng.AbstractTestNGCucumberTests.run(AbstractTestNGCucumberTests.java:19)
	at org.testng.internal.MethodInvocationHelper.invokeHookable(MethodInvocationHelper.java:212)
	at org.testng.internal.Invoker.invokeMethod(Invoker.java:689)
	at org.testng.internal.Invoker.invokeTestMethod(Invoker.java:882)
	at org.testng.internal.Invoker.invokeTestMethods(Invoker.java:1189)
	at org.testng.internal.TestMethodWorker.invokeTestMethods(TestMethodWorker.java:124)
	at org.testng.internal.TestMethodWorker.run(TestMethodWorker.java:108)
	at java.util.concurrent.ThreadPoolExecutor.runWorker(ThreadPoolExecutor.java:1142)
	at java.util.concurrent.ThreadPoolExecutor$Worker.run(ThreadPoolExecutor.java:617)
	at java.lang.Thread.run(Thread.java:745)
&amp#27;[0m
      &amp#27;[31mjava.lang.NullPointerException
      	at uk.co.automatictester.jwebfwk.framework.ParentScenario.closeBrowser(ParentScenario.java:34)
      	at uk.co.automatictester.jwebfwk.glue.StepDefinitions.afterScenario(StepDefinitions.java:40)
      	at sun.reflect.NativeMethodAccessorImpl.invoke0(Native Method)
      	at sun.reflect.NativeMethodAccessorImpl.invoke(NativeMethodAccessorImpl.java:62)
      	at sun.reflect.DelegatingMethodAccessorImpl.invoke(DelegatingMethodAccessorImpl.java:43)
      	at java.lang.reflect.Method.invoke(Method.java:498)
      	at cucumber.runtime.Utils$1.call(Utils.java:37)
      	at cucumber.runtime.Timeout.timeout(Timeout.java:13)
      	at cucumber.runtime.Utils.invoke(Utils.java:31)
      	at cucumber.runtime.java.JavaHookDefinition.execute(JavaHookDefinition.java:59)
      	at cucumber.runtime.Runtime.runHookIfTagsMatch(Runtime.java:222)
      	at cucumber.runtime.Runtime.runHooks(Runtime.java:210)
      	at cucumber.runtime.Runtime.runAfterHooks(Runtime.java:204)
      	at cucumber.runtime.model.CucumberScenario.run(CucumberScenario.java:50)
      	at cucumber.runtime.model.CucumberFeature.run(CucumberFeature.java:163)
      	at cucumber.runtime.Runtime.run(Runtime.java:120)
      	at cucumber.api.testng.TestNGCucumberRunner.runCukes(TestNGCucumberRunner.java:43)
      	at cucumber.api.testng.AbstractTestNGCucumberTests.run_cukes(AbstractTestNGCucumberTests.java:14)
      	at sun.reflect.NativeMethodAccessorImpl.invoke0(Native Method)
      	at sun.reflect.NativeMethodAccessorImpl.invoke(NativeMethodAccessorImpl.java:62)
      	at sun.reflect.DelegatingMethodAccessorImpl.invoke(DelegatingMethodAccessorImpl.java:43)
      	at java.lang.reflect.Method.invoke(Method.java:498)
      	at org.testng.internal.MethodInvocationHelper.invokeMethod(MethodInvocationHelper.java:85)
      	at org.testng.internal.MethodInvocationHelper$1.runTestMethod(MethodInvocationHelper.java:200)
      	at cucumber.api.testng.AbstractTestNGCucumberTests.run(AbstractTestNGCucumberTests.java:19)
      	at org.testng.internal.MethodInvocationHelper.invokeHookable(MethodInvocationHelper.java:212)
      	at org.testng.internal.Invoker.invokeMethod(Invoker.java:689)
      	at org.testng.internal.Invoker.invokeTestMethod(Invoker.java:882)
      	at org.testng.internal.Invoker.invokeTestMethods(Invoker.java:1189)
      	at org.testng.internal.TestMethodWorker.invokeTestMethods(TestMethodWorker.java:124)
      	at org.testng.internal.TestMethodWorker.run(TestMethodWorker.java:108)
      	at java.util.concurrent.ThreadPoolExecutor.runWorker(ThreadPoolExecutor.java:1142)
      	at java.util.concurrent.ThreadPoolExecutor$Worker.run(ThreadPoolExecutor.java:617)
      	at java.lang.Thread.run(Thread.java:745)
      &amp#27;[0m

  Scenario: Java binding download link check                            &amp#27;[90m# src/test/resources/features/Download_Copy.feature:4&amp#27;[0m
    &amp#27;[36mGiven &amp#27;[0m&amp#27;[36mI am on the Selenium homepage&amp#27;[0m                                 &amp#27;[90m# StepDefinitions.I_am_on_the_Selenium_homepage()&amp#27;[0m
    &amp#27;[36mWhen &amp#27;[0m&amp#27;[36mI click "&amp#27;[0m&amp#27;[36m&amp#27;[1mDownload&amp#27;[0m&amp#27;[36m" tab&amp#27;[0m                                         &amp#27;[90m# StepDefinitions.I_click_tab_on(String)&amp#27;[0m
    &amp#27;[36mThen &amp#27;[0m&amp#27;[36mI should see "&amp#27;[0m&amp#27;[36m&amp#27;[1mJava&amp#27;[0m&amp#27;[36m" download link on Download page&amp#27;[0m             &amp#27;[90m# StepDefinitions.I_should_see_download_link_on_download_page(String)&amp#27;[0m
    &amp#27;[36mAnd &amp#27;[0m&amp#27;[36mI should see "&amp#27;[0m&amp#27;[36m&amp#27;[1mC#&amp#27;[0m&amp#27;[36m" download link on Download page&amp#27;[0m                &amp#27;[90m# StepDefinitions.I_should_see_download_link_on_download_page(String)&amp#27;[0m
    &amp#27;[36mAnd &amp#27;[0m&amp#27;[36mI should see "&amp#27;[0m&amp#27;[36m&amp#27;[1mRuby&amp#27;[0m&amp#27;[36m" download link on Download page&amp#27;[0m              &amp#27;[90m# StepDefinitions.I_should_see_download_link_on_download_page(String)&amp#27;[0m
    &amp#27;[36mAnd &amp#27;[0m&amp#27;[36mI should see "&amp#27;[0m&amp#27;[36m&amp#27;[1mPython&amp#27;[0m&amp#27;[36m" download link on Download page&amp#27;[0m            &amp#27;[90m# StepDefinitions.I_should_see_download_link_on_download_page(String)&amp#27;[0m
    &amp#27;[36mAnd &amp#27;[0m&amp#27;[36mI should see "&amp#27;[0m&amp#27;[36m&amp#27;[1mJavascript (Node)&amp#27;[0m&amp#27;[36m" download link on Download page&amp#27;[0m &amp#27;[90m# StepDefinitions.I_should_see_download_link_on_download_page(String)&amp#27;[0m

1 Scenarios (&amp#27;[31m1 failed&amp#27;[0m)
7 Steps (&amp#27;[36m7 skipped&amp#27;[0m)
0m47.326s

org.openqa.selenium.WebDriverException: Failed to connect to binary FirefoxBinary(C:\Program Files\Mozilla Firefox\firefox.exe) on port 7055; process output follows: 
doTlsWbc5g65","location":"app-global","version":"44.0","type":"theme","internalName":"classic/1.0","updateURL":null,"updateKey":null,"optionsURL":null,"optionsType":null,"aboutURL":null,"icons":{"32":"icon.png","48":"icon.png"},"iconURL":null,"icon64URL":null,"defaultLocale":{"name":"Default","description":"The default theme.","creator":"Mozilla","homepageURL":null,"contributors":["Mozilla Contributors"]},"visible":true,"active":true,"userDisabled":false,"appDisabled":false,"descriptor":"C:\\Program Files\\Mozilla Firefox\\browser\\extensions\\{972ce4c6-7e08-4474-a285-3208198ce6fd}","installDate":1482203161597,"updateDate":1482203161597,"applyBackgroundUpdates":1,"skinnable":true,"size":24166,"sourceURI":null,"releaseNotesURI":null,"softDisabled":false,"foreignInstall":false,"hasBinaryComponents":false,"strictCompatibility":true,"locales":[],"targetApplications":[{"id":"{ec8030f7-c20a-464f-9b0e-13a3a9e97384}","minVersion":"44.0","maxVersion":"44.0"}],"targetPlatforms":[]}
1489322081335	addons.xpi	DEBUG	getModTime: Recursive scan of {972ce4c6-7e08-4474-a285-3208198ce6fd}
1489322081336	DeferredSave.extensions.json	DEBUG	Save changes
1489322081336	addons.xpi	DEBUG	Updating database with changes to installed add-ons
1489322081336	addons.xpi-utils	DEBUG	Updating add-on states
1489322081336	addons.xpi-utils	DEBUG	Writing add-ons list
1489322081345	addons.manager	DEBUG	Registering shutdown blocker for XPIProvider
1489322081346	addons.manager	DEBUG	Provider finished startup: XPIProvider
1489322081346	addons.manager	DEBUG	Starting provider: LightweightThemeManager
1489322081346	addons.manager	DEBUG	Registering shutdown blocker for LightweightThemeManager
1489322081346	addons.manager	DEBUG	Provider finished startup: LightweightThemeManager
1489322081346	addons.manager	DEBUG	Starting provider: GMPProvider
1489322081351	addons.manager	DEBUG	Registering shutdown blocker for GMPProvider
1489322081351	addons.manager	DEBUG	Provider finished startup: GMPProvider
1489322081351	addons.manager	DEBUG	Starting provider: PluginProvider
1489322081352	addons.manager	DEBUG	Registering shutdown blocker for PluginProvider
1489322081352	addons.manager	DEBUG	Provider finished startup: PluginProvider
1489322081352	addons.manager	DEBUG	Completed startup sequence
1489322081566	addons.manager	DEBUG	Starting provider: <unnamed-provider>
1489322081566	addons.manager	DEBUG	Registering shutdown blocker for <unnamed-provider>
1489322081567	addons.manager	DEBUG	Provider finished startup: <unnamed-provider>
1489322081657	DeferredSave.extensions.json	DEBUG	Starting write
1489322081867	addons.repository	DEBUG	No addons.json found.
1489322081868	DeferredSave.addons.json	DEBUG	Save changes
1489322081869	DeferredSave.addons.json	DEBUG	Starting timer
1489322081880	addons.manager	DEBUG	Starting provider: PreviousExperimentProvider
1489322081880	addons.manager	DEBUG	Registering shutdown blocker for PreviousExperimentProvider
1489322081880	addons.manager	DEBUG	Provider finished startup: PreviousExperimentProvider
1489322081883	DeferredSave.extensions.json	DEBUG	Write succeeded
1489322081883	addons.xpi-utils	DEBUG	XPI Database saved, setting schema version preference to 17
1489322082044	DeferredSave.addons.json	DEBUG	Starting write
1489322082378	DeferredSave.addons.json	DEBUG	Write succeeded
1489322123669	addons.manager	DEBUG	shutdown
1489322123670	addons.manager	DEBUG	Calling shutdown blocker for XPIProvider
1489322123670	addons.xpi	DEBUG	shutdown
1489322123670	addons.xpi-utils	DEBUG	shutdown
1489322123670	addons.manager	DEBUG	Calling shutdown blocker for LightweightThemeManager
1489322123671	addons.manager	DEBUG	Calling shutdown blocker for GMPProvider
1489322123672	addons.manager	DEBUG	Calling shutdown blocker for PluginProvider
1489322123672	addons.manager	DEBUG	Calling shutdown blocker for <unnamed-provider>
1489322123673	addons.manager	DEBUG	Calling shutdown blocker for PreviousExperimentProvider
1489322123675	addons.xpi	DEBUG	Notifying XPI shutdown observers
1489322123678	addons.manager	DEBUG	Async provider shutdown done

Build info: version: '2.46.0', revision: '61506a4624b13675f24581e453592342b7485d71', time: '2015-06-04 10:22:50'
System info: host: 'Alex-PC', ip: '192.168.1.106', os.name: 'Windows 10', os.arch: 'amd64', os.version: '10.0', java.version: '1.8.0_121'
Driver info: driver.version: FirefoxDriver
	at org.openqa.selenium.firefox.internal.NewProfileExtensionConnection.start(NewProfileExtensionConnection.java:132)
	at org.openqa.selenium.firefox.FirefoxDriver.startClient(FirefoxDriver.java:275)
	at org.openqa.selenium.remote.RemoteWebDriver.<init>(RemoteWebDriver.java:116)
	at org.openqa.selenium.firefox.FirefoxDriver.<init>(FirefoxDriver.java:220)
	at org.openqa.selenium.firefox.FirefoxDriver.<init>(FirefoxDriver.java:215)
	at org.openqa.selenium.firefox.FirefoxDriver.<init>(FirefoxDriver.java:211)
	at org.openqa.selenium.firefox.FirefoxDriver.<init>(FirefoxDriver.java:124)
	at uk.co.automatictester.jwebfwk.framework.ParentScenario.startBrowser(ParentScenario.java:22)
	at uk.co.automatictester.jwebfwk.glue.StepDefinitions.beforeScenario(StepDefinitions.java:20)
	at sun.reflect.NativeMethodAccessorImpl.invoke0(Native Method)
	at sun.reflect.NativeMethodAccessorImpl.invoke(NativeMethodAccessorImpl.java:62)
	at sun.reflect.DelegatingMethodAccessorImpl.invoke(DelegatingMethodAccessorImpl.java:43)
	at java.lang.reflect.Method.invoke(Method.java:498)
	at cucumber.runtime.Utils$1.call(Utils.java:37)
	at cucumber.runtime.Timeout.timeout(Timeout.java:13)
	at cucumber.runtime.Utils.invoke(Utils.java:31)
	at cucumber.runtime.java.JavaHookDefinition.execute(JavaHookDefinition.java:59)
	at cucumber.runtime.Runtime.runHookIfTagsMatch(Runtime.java:222)
	at cucumber.runtime.Runtime.runHooks(Runtime.java:210)
	at cucumber.runtime.Runtime.runBeforeHooks(Runtime.java:200)
	at cucumber.runtime.model.CucumberScenario.run(CucumberScenario.java:44)
	at cucumber.runtime.model.CucumberFeature.run(CucumberFeature.java:163)
	at cucumber.runtime.Runtime.run(Runtime.java:120)
	at cucumber.api.testng.TestNGCucumberRunner.runCukes(TestNGCucumberRunner.java:43)
	at cucumber.api.testng.AbstractTestNGCucumberTests.run_cukes(AbstractTestNGCucumberTests.java:14)
	at sun.reflect.NativeMethodAccessorImpl.invoke0(Native Method)
	at sun.reflect.NativeMethodAccessorImpl.invoke(NativeMethodAccessorImpl.java:62)
	at sun.reflect.DelegatingMethodAccessorImpl.invoke(DelegatingMethodAccessorImpl.java:43)
	at java.lang.reflect.Method.invoke(Method.java:498)
	at org.testng.internal.MethodInvocationHelper.invokeMethod(MethodInvocationHelper.java:85)
	at org.testng.internal.MethodInvocationHelper$1.runTestMethod(MethodInvocationHelper.java:200)
	at cucumber.api.testng.AbstractTestNGCucumberTests.run(AbstractTestNGCucumberTests.java:19)
	at org.testng.internal.MethodInvocationHelper.invokeHookable(MethodInvocationHelper.java:212)
	at org.testng.internal.Invoker.invokeMethod(Invoker.java:689)
	at org.testng.internal.Invoker.invokeTestMethod(Invoker.java:882)
	at org.testng.internal.Invoker.invokeTestMethods(Invoker.java:1189)
	at org.testng.internal.TestMethodWorker.invokeTestMethods(TestMethodWorker.java:124)
	at org.testng.internal.TestMethodWorker.run(TestMethodWorker.java:108)
	at java.util.concurrent.ThreadPoolExecutor.runWorker(ThreadPoolExecutor.java:1142)
	at java.util.concurrent.ThreadPoolExecutor$Worker.run(ThreadPoolExecutor.java:617)
	at java.lang.Thread.run(Thread.java:745)
Caused by: org.openqa.selenium.firefox.NotConnectedException: Unable to connect to host 127.0.0.1 on port 7055 after 45000 ms. Firefox console output:
doTlsWbc5g65","location":"app-global","version":"44.0","type":"theme","internalName":"classic/1.0","updateURL":null,"updateKey":null,"optionsURL":null,"optionsType":null,"aboutURL":null,"icons":{"32":"icon.png","48":"icon.png"},"iconURL":null,"icon64URL":null,"defaultLocale":{"name":"Default","description":"The default theme.","creator":"Mozilla","homepageURL":null,"contributors":["Mozilla Contributors"]},"visible":true,"active":true,"userDisabled":false,"appDisabled":false,"descriptor":"C:\\Program Files\\Mozilla Firefox\\browser\\extensions\\{972ce4c6-7e08-4474-a285-3208198ce6fd}","installDate":1482203161597,"updateDate":1482203161597,"applyBackgroundUpdates":1,"skinnable":true,"size":24166,"sourceURI":null,"releaseNotesURI":null,"softDisabled":false,"foreignInstall":false,"hasBinaryComponents":false,"strictCompatibility":true,"locales":[],"targetApplications":[{"id":"{ec8030f7-c20a-464f-9b0e-13a3a9e97384}","minVersion":"44.0","maxVersion":"44.0"}],"targetPlatforms":[]}
1489322081335	addons.xpi	DEBUG	getModTime: Recursive scan of {972ce4c6-7e08-4474-a285-3208198ce6fd}
1489322081336	DeferredSave.extensions.json	DEBUG	Save changes
1489322081336	addons.xpi	DEBUG	Updating database with changes to installed add-ons
1489322081336	addons.xpi-utils	DEBUG	Updating add-on states
1489322081336	addons.xpi-utils	DEBUG	Writing add-ons list
1489322081345	addons.manager	DEBUG	Registering shutdown blocker for XPIProvider
1489322081346	addons.manager	DEBUG	Provider finished startup: XPIProvider
1489322081346	addons.manager	DEBUG	Starting provider: LightweightThemeManager
1489322081346	addons.manager	DEBUG	Registering shutdown blocker for LightweightThemeManager
1489322081346	addons.manager	DEBUG	Provider finished startup: LightweightThemeManager
1489322081346	addons.manager	DEBUG	Starting provider: GMPProvider
1489322081351	addons.manager	DEBUG	Registering shutdown blocker for GMPProvider
1489322081351	addons.manager	DEBUG	Provider finished startup: GMPProvider
1489322081351	addons.manager	DEBUG	Starting provider: PluginProvider
1489322081352	addons.manager	DEBUG	Registering shutdown blocker for PluginProvider
1489322081352	addons.manager	DEBUG	Provider finished startup: PluginProvider
1489322081352	addons.manager	DEBUG	Completed startup sequence
1489322081566	addons.manager	DEBUG	Starting provider: <unnamed-provider>
1489322081566	addons.manager	DEBUG	Registering shutdown blocker for <unnamed-provider>
1489322081567	addons.manager	DEBUG	Provider finished startup: <unnamed-provider>
1489322081657	DeferredSave.extensions.json	DEBUG	Starting write
1489322081867	addons.repository	DEBUG	No addons.json found.
1489322081868	DeferredSave.addons.json	DEBUG	Save changes
1489322081869	DeferredSave.addons.json	DEBUG	Starting timer
1489322081880	addons.manager	DEBUG	Starting provider: PreviousExperimentProvider
1489322081880	addons.manager	DEBUG	Registering shutdown blocker for PreviousExperimentProvider
1489322081880	addons.manager	DEBUG	Provider finished startup: PreviousExperimentProvider
1489322081883	DeferredSave.extensions.json	DEBUG	Write succeeded
1489322081883	addons.xpi-utils	DEBUG	XPI Database saved, setting schema version preference to 17
1489322082044	DeferredSave.addons.json	DEBUG	Starting write
1489322082378	DeferredSave.addons.json	DEBUG	Write succeeded
1489322123669	addons.manager	DEBUG	shutdown
1489322123670	addons.manager	DEBUG	Calling shutdown blocker for XPIProvider
1489322123670	addons.xpi	DEBUG	shutdown
1489322123670	addons.xpi-utils	DEBUG	shutdown
1489322123670	addons.manager	DEBUG	Calling shutdown blocker for LightweightThemeManager
1489322123671	addons.manager	DEBUG	Calling shutdown blocker for GMPProvider
1489322123672	addons.manager	DEBUG	Calling shutdown blocker for PluginProvider
1489322123672	addons.manager	DEBUG	Calling shutdown blocker for <unnamed-provider>
1489322123673	addons.manager	DEBUG	Calling shutdown blocker for PreviousExperimentProvider
1489322123675	addons.xpi	DEBUG	Notifying XPI shutdown observers
1489322123678	addons.manager	DEBUG	Async provider shutdown done

	at org.openqa.selenium.firefox.internal.NewProfileExtensionConnection.start(NewProfileExtensionConnection.java:120)
	... 40 more

java.lang.NullPointerException
	at uk.co.automatictester.jwebfwk.framework.ParentScenario.closeBrowser(ParentScenario.java:34)
	at uk.co.automatictester.jwebfwk.glue.StepDefinitions.afterScenario(StepDefinitions.java:40)
	at sun.reflect.NativeMethodAccessorImpl.invoke0(Native Method)
	at sun.reflect.NativeMethodAccessorImpl.invoke(NativeMethodAccessorImpl.java:62)
	at sun.reflect.DelegatingMethodAccessorImpl.invoke(DelegatingMethodAccessorImpl.java:43)
	at java.lang.reflect.Method.invoke(Method.java:498)
	at cucumber.runtime.Utils$1.call(Utils.java:37)
	at cucumber.runtime.Timeout.timeout(Timeout.java:13)
	at cucumber.runtime.Utils.invoke(Utils.java:31)
	at cucumber.runtime.java.JavaHookDefinition.execute(JavaHookDefinition.java:59)
	at cucumber.runtime.Runtime.runHookIfTagsMatch(Runtime.java:222)
	at cucumber.runtime.Runtime.runHooks(Runtime.java:210)
	at cucumber.runtime.Runtime.runAfterHooks(Runtime.java:204)
	at cucumber.runtime.model.CucumberScenario.run(CucumberScenario.java:50)
	at cucumber.runtime.model.CucumberFeature.run(CucumberFeature.java:163)
	at cucumber.runtime.Runtime.run(Runtime.java:120)
	at cucumber.api.testng.TestNGCucumberRunner.runCukes(TestNGCucumberRunner.java:43)
	at cucumber.api.testng.AbstractTestNGCucumberTests.run_cukes(AbstractTestNGCucumberTests.java:14)
	at sun.reflect.NativeMethodAccessorImpl.invoke0(Native Method)
	at sun.reflect.NativeMethodAccessorImpl.invoke(NativeMethodAccessorImpl.java:62)
	at sun.reflect.DelegatingMethodAccessorImpl.invoke(DelegatingMethodAccessorImpl.java:43)
	at java.lang.reflect.Method.invoke(Method.java:498)
	at org.testng.internal.MethodInvocationHelper.invokeMethod(MethodInvocationHelper.java:85)
	at org.testng.internal.MethodInvocationHelper$1.runTestMethod(MethodInvocationHelper.java:200)
	at cucumber.api.testng.AbstractTestNGCucumberTests.run(AbstractTestNGCucumberTests.java:19)
	at org.testng.internal.MethodInvocationHelper.invokeHookable(MethodInvocationHelper.java:212)
	at org.testng.internal.Invoker.invokeMethod(Invoker.java:689)
	at org.testng.internal.Invoker.invokeTestMethod(Invoker.java:882)
	at org.testng.internal.Invoker.invokeTestMethods(Invoker.java:1189)
	at org.testng.internal.TestMethodWorker.invokeTestMethods(TestMethodWorker.java:124)
	at org.testng.internal.TestMethodWorker.run(TestMethodWorker.java:108)
	at java.util.concurrent.ThreadPoolExecutor.runWorker(ThreadPoolExecutor.java:1142)
	at java.util.concurrent.ThreadPoolExecutor$Worker.run(ThreadPoolExecutor.java:617)
	at java.lang.Thread.run(Thread.java:745)

]]></system-out>
    <system-err><![CDATA[org.openqa.selenium.firefox.NotConnectedException: Unable to connect to host 127.0.0.1 on port 7055 after 45000 ms. Firefox console output:
doTlsWbc5g65","location":"app-global","version":"44.0","type":"theme","internalName":"classic/1.0","updateURL":null,"updateKey":null,"optionsURL":null,"optionsType":null,"aboutURL":null,"icons":{"32":"icon.png","48":"icon.png"},"iconURL":null,"icon64URL":null,"defaultLocale":{"name":"Default","description":"The default theme.","creator":"Mozilla","homepageURL":null,"contributors":["Mozilla Contributors"]},"visible":true,"active":true,"userDisabled":false,"appDisabled":false,"descriptor":"C:\\Program Files\\Mozilla Firefox\\browser\\extensions\\{972ce4c6-7e08-4474-a285-3208198ce6fd}","installDate":1482203161597,"updateDate":1482203161597,"applyBackgroundUpdates":1,"skinnable":true,"size":24166,"sourceURI":null,"releaseNotesURI":null,"softDisabled":false,"foreignInstall":false,"hasBinaryComponents":false,"strictCompatibility":true,"locales":[],"targetApplications":[{"id":"{ec8030f7-c20a-464f-9b0e-13a3a9e97384}","minVersion":"44.0","maxVersion":"44.0"}],"targetPlatforms":[]}
1489322081335	addons.xpi	DEBUG	getModTime: Recursive scan of {972ce4c6-7e08-4474-a285-3208198ce6fd}
1489322081336	DeferredSave.extensions.json	DEBUG	Save changes
1489322081336	addons.xpi	DEBUG	Updating database with changes to installed add-ons
1489322081336	addons.xpi-utils	DEBUG	Updating add-on states
1489322081336	addons.xpi-utils	DEBUG	Writing add-ons list
1489322081345	addons.manager	DEBUG	Registering shutdown blocker for XPIProvider
1489322081346	addons.manager	DEBUG	Provider finished startup: XPIProvider
1489322081346	addons.manager	DEBUG	Starting provider: LightweightThemeManager
1489322081346	addons.manager	DEBUG	Registering shutdown blocker for LightweightThemeManager
1489322081346	addons.manager	DEBUG	Provider finished startup: LightweightThemeManager
1489322081346	addons.manager	DEBUG	Starting provider: GMPProvider
1489322081351	addons.manager	DEBUG	Registering shutdown blocker for GMPProvider
1489322081351	addons.manager	DEBUG	Provider finished startup: GMPProvider
1489322081351	addons.manager	DEBUG	Starting provider: PluginProvider
1489322081352	addons.manager	DEBUG	Registering shutdown blocker for PluginProvider
1489322081352	addons.manager	DEBUG	Provider finished startup: PluginProvider
1489322081352	addons.manager	DEBUG	Completed startup sequence
1489322081566	addons.manager	DEBUG	Starting provider: <unnamed-provider>
1489322081566	addons.manager	DEBUG	Registering shutdown blocker for <unnamed-provider>
1489322081567	addons.manager	DEBUG	Provider finished startup: <unnamed-provider>
1489322081657	DeferredSave.extensions.json	DEBUG	Starting write
1489322081867	addons.repository	DEBUG	No addons.json found.
1489322081868	DeferredSave.addons.json	DEBUG	Save changes
1489322081869	DeferredSave.addons.json	DEBUG	Starting timer
1489322081880	addons.manager	DEBUG	Starting provider: PreviousExperimentProvider
1489322081880	addons.manager	DEBUG	Registering shutdown blocker for PreviousExperimentProvider
1489322081880	addons.manager	DEBUG	Provider finished startup: PreviousExperimentProvider
1489322081883	DeferredSave.extensions.json	DEBUG	Write succeeded
1489322081883	addons.xpi-utils	DEBUG	XPI Database saved, setting schema version preference to 17
1489322082044	DeferredSave.addons.json	DEBUG	Starting write
1489322082378	DeferredSave.addons.json	DEBUG	Write succeeded
1489322123669	addons.manager	DEBUG	shutdown
1489322123670	addons.manager	DEBUG	Calling shutdown blocker for XPIProvider
1489322123670	addons.xpi	DEBUG	shutdown
1489322123670	addons.xpi-utils	DEBUG	shutdown
1489322123670	addons.manager	DEBUG	Calling shutdown blocker for LightweightThemeManager
1489322123671	addons.manager	DEBUG	Calling shutdown blocker for GMPProvider
1489322123672	addons.manager	DEBUG	Calling shutdown blocker for PluginProvider
1489322123672	addons.manager	DEBUG	Calling shutdown blocker for <unnamed-provider>
1489322123673	addons.manager	DEBUG	Calling shutdown blocker for PreviousExperimentProvider
1489322123675	addons.xpi	DEBUG	Notifying XPI shutdown observers
1489322123678	addons.manager	DEBUG	Async provider shutdown done

	at org.openqa.selenium.firefox.internal.NewProfileExtensionConnection.start(NewProfileExtensionConnection.java:120)
	at org.openqa.selenium.firefox.FirefoxDriver.startClient(FirefoxDriver.java:275)
	at org.openqa.selenium.remote.RemoteWebDriver.<init>(RemoteWebDriver.java:116)
	at org.openqa.selenium.firefox.FirefoxDriver.<init>(FirefoxDriver.java:220)
	at org.openqa.selenium.firefox.FirefoxDriver.<init>(FirefoxDriver.java:215)
	at org.openqa.selenium.firefox.FirefoxDriver.<init>(FirefoxDriver.java:211)
	at org.openqa.selenium.firefox.FirefoxDriver.<init>(FirefoxDriver.java:124)
	at uk.co.automatictester.jwebfwk.framework.ParentScenario.startBrowser(ParentScenario.java:22)
	at uk.co.automatictester.jwebfwk.glue.StepDefinitions.beforeScenario(StepDefinitions.java:20)
	at sun.reflect.NativeMethodAccessorImpl.invoke0(Native Method)
	at sun.reflect.NativeMethodAccessorImpl.invoke(NativeMethodAccessorImpl.java:62)
	at sun.reflect.DelegatingMethodAccessorImpl.invoke(DelegatingMethodAccessorImpl.java:43)
	at java.lang.reflect.Method.invoke(Method.java:498)
	at cucumber.runtime.Utils$1.call(Utils.java:37)
	at cucumber.runtime.Timeout.timeout(Timeout.java:13)
	at cucumber.runtime.Utils.invoke(Utils.java:31)
	at cucumber.runtime.java.JavaHookDefinition.execute(JavaHookDefinition.java:59)
	at cucumber.runtime.Runtime.runHookIfTagsMatch(Runtime.java:222)
	at cucumber.runtime.Runtime.runHooks(Runtime.java:210)
	at cucumber.runtime.Runtime.runBeforeHooks(Runtime.java:200)
	at cucumber.runtime.model.CucumberScenario.run(CucumberScenario.java:44)
	at cucumber.runtime.model.CucumberFeature.run(CucumberFeature.java:163)
	at cucumber.runtime.Runtime.run(Runtime.java:120)
	at cucumber.api.testng.TestNGCucumberRunner.runCukes(TestNGCucumberRunner.java:43)
	at cucumber.api.testng.AbstractTestNGCucumberTests.run_cukes(AbstractTestNGCucumberTests.java:14)
	at sun.reflect.NativeMethodAccessorImpl.invoke0(Native Method)
	at sun.reflect.NativeMethodAccessorImpl.invoke(NativeMethodAccessorImpl.java:62)
	at sun.reflect.DelegatingMethodAccessorImpl.invoke(DelegatingMethodAccessorImpl.java:43)
	at java.lang.reflect.Method.invoke(Method.java:498)
	at org.testng.internal.MethodInvocationHelper.invokeMethod(MethodInvocationHelper.java:85)
	at org.testng.internal.MethodInvocationHelper$1.runTestMethod(MethodInvocationHelper.java:200)
	at cucumber.api.testng.AbstractTestNGCucumberTests.run(AbstractTestNGCucumberTests.java:19)
	at org.testng.internal.MethodInvocationHelper.invokeHookable(MethodInvocationHelper.java:212)
	at org.testng.internal.Invoker.invokeMethod(Invoker.java:689)
	at org.testng.internal.Invoker.invokeTestMethod(Invoker.java:882)
	at org.testng.internal.Invoker.invokeTestMethods(Invoker.java:1189)
	at org.testng.internal.TestMethodWorker.invokeTestMethods(TestMethodWorker.java:124)
	at org.testng.internal.TestMethodWorker.run(TestMethodWorker.java:108)
	at java.util.concurrent.ThreadPoolExecutor.runWorker(ThreadPoolExecutor.java:1142)
	at java.util.concurrent.ThreadPoolExecutor$Worker.run(ThreadPoolExecutor.java:617)
	at java.lang.Thread.run(Thread.java:745)
 12, 2017 11:35:26  org.openqa.selenium.os.UnixProcess$SeleniumWatchDog destroyHarder
: Command failed to close cleanly. Destroying forcefully (v2). org.openqa.selenium.os.UnixProcess$SeleniumWatchDog@5746609
]]></system-err>
  </testcase>
</testsuite>