<?xml version="1.0" encoding="UTF-8"?>
<testng-results skipped="0" failed="0" total="2" passed="2">
  <reporter-output>
    <line>
      <![CDATA[<div "featureFile">Feature File: Feature1-2.feature</div>]]>
    </line>
    <line>
      <![CDATA[<div "feature">Feature: Feature 1-2</div>]]>
    </line>
    <line>
      <![CDATA[<div "featureFile">Feature File: FeatureList1&#x2F;Feature1-1.feature</div>]]>
    </line>
    <line>
      <![CDATA[<div "feature">Feature: Feature 1-1</div>]]>
    </line>
    <line>
      <![CDATA[<div "scenario">Scenario: Scenario 2</div>]]>
    </line>
    <line>
      <![CDATA[<div "scenario">Scenario: Scenario 3-1-1</div>]]>
    </line>
    <line>
      <![CDATA[<div "result">Given  I am scenario 3-1-1 for test (passed : 0s)</div>]]>
    </line>
    <line>
      <![CDATA[<div "result">Given  I am scenario 2 for test (passed : 0s)</div>]]>
    </line>
  </reporter-output>
  <suite name="Test runner" duration-ms="1281" started-at="2017-03-13T02:50:32Z" finished-at="2017-03-13T02:50:34Z">
    <groups>
      <group name="cucumber">
        <method signature="AbstractTestNGCucumberTests.run_cukes()[pri:0, instance:uk.co.automatictester.jwebfwk.runners.FirstRunner@6442b0a6]" name="run_cukes" class="cucumber.api.testng.AbstractTestNGCucumberTests"/>
        <method signature="AbstractTestNGCucumberTests.run_cukes()[pri:0, instance:uk.co.automatictester.jwebfwk.runners.SecondRunner@380fb434]" name="run_cukes" class="cucumber.api.testng.AbstractTestNGCucumberTests"/>
      </group> <!-- cucumber -->
    </groups>
    <test name="Package with subpackages" duration-ms="1281" started-at="2017-03-13T02:50:32Z" finished-at="2017-03-13T02:50:34Z">
      <class name="uk.co.automatictester.jwebfwk.runners.FirstRunner">
        <test-method status="PASS" signature="run_cukes()[pri:0, instance:uk.co.automatictester.jwebfwk.runners.FirstRunner@6442b0a6]" name="run_cukes" duration-ms="1234" started-at="2017-03-13T13:50:32Z" description="Runs Cucumber Features" finished-at="2017-03-13T13:50:34Z">
          <reporter-output>
            <line>
              <![CDATA[<div "featureFile">Feature File: FeatureList1&#x2F;Feature1-1.feature</div>]]>
            </line>
            <line>
              <![CDATA[<div "feature">Feature: Feature 1-1</div>]]>
            </line>
            <line>
              <![CDATA[<div "scenario">Scenario: Scenario 3-1-1</div>]]>
            </line>
            <line>
              <![CDATA[<div "result">Given  I am scenario 3-1-1 for test (passed : 0s)</div>]]>
            </line>
          </reporter-output>
        </test-method> <!-- run_cukes -->
      </class> <!-- uk.co.automatictester.jwebfwk.runners.FirstRunner -->
      <class name="uk.co.automatictester.jwebfwk.runners.SecondRunner">
        <test-method status="PASS" signature="run_cukes()[pri:0, instance:uk.co.automatictester.jwebfwk.runners.SecondRunner@380fb434]" name="run_cukes" duration-ms="1234" started-at="2017-03-13T13:50:32Z" description="Runs Cucumber Features" finished-at="2017-03-13T13:50:34Z">
          <reporter-output>
            <line>
              <![CDATA[<div "featureFile">Feature File: Feature1-2.feature</div>]]>
            </line>
            <line>
              <![CDATA[<div "feature">Feature: Feature 1-2</div>]]>
            </line>
            <line>
              <![CDATA[<div "scenario">Scenario: Scenario 2</div>]]>
            </line>
            <line>
              <![CDATA[<div "result">Given  I am scenario 2 for test (passed : 0s)</div>]]>
            </line>
          </reporter-output>
        </test-method> <!-- run_cukes -->
      </class> <!-- uk.co.automatictester.jwebfwk.runners.SecondRunner -->
    </test> <!-- Package with subpackages -->
  </suite> <!-- Test runner -->
</testng-results>
