<?xml version="1.0" encoding="UTF-8"?>
<!-- Generated by org.testng.reporters.JUnitXMLReporter -->
<testsuite hostname="tab112247.corpad.net.local" name="Package with subpackages" tests="3" failures="0" timestamp="29 Mar 2017 05:05:59 GMT" time="0.353" errors="0">
  <testcase name="run_cukes" time="0.319" classname="Sample.runners.FirstChildRunner.FirstChildRunner"/>
  <testcase name="run_cukes" time="0.322" classname="Sample.runners.ParentRunner"/>
  <testcase name="run_cukes" time="0.02" classname="Sample.runners.SecondChildRunner.SecondChildRunner"/>
</testsuite> <!-- Package with subpackages -->
