<?xml version="1.0" encoding="UTF-8"?>
<testng-results skipped="0" failed="0" total="1" passed="1">
  <reporter-output>
    <line>
      <![CDATA[<div "featureFile">Feature File: FeatureList1&#x2F;Feature1-1.feature</div>]]>
    </line>
    <line>
      <![CDATA[<div "feature">Feature: Feature One from List 1</div>]]>
    </line>
    <line>
      <![CDATA[<div "scenario">Scenario: Scenario</div>]]>
    </line>
    <line>
      <![CDATA[<div "result">Given  I am scenario Scenario1_Feature1_List1 for test (passed : 0s)</div>]]>
    </line>
    <line>
      <![CDATA[<div "scenario">Scenario: Scenario</div>]]>
    </line>
    <line>
      <![CDATA[<div "result">Given  I am scenario Scenario2_Feature1_List1 for test (passed : 0s)</div>]]>
    </line>
    <line>
      <![CDATA[<div "scenario">Scenario: Scenario</div>]]>
    </line>
    <line>
      <![CDATA[<div "result">Given  I am scenario Alex for test (passed : 0s)</div>]]>
    </line>
  </reporter-output>
  <suite name="Test runner" duration-ms="294" started-at="2017-03-29T02:24:53Z" finished-at="2017-03-29T02:24:53Z">
    <groups>
      <group name="cucumber">
        <method signature="AbstractTestNGCucumberTests.run_cukes()[pri:0, instance:uk.co.automatictester.jwebfwk.runners.FirstRunner@35f983a6]" name="run_cukes" class="cucumber.api.testng.AbstractTestNGCucumberTests"/>
      </group> <!-- cucumber -->
    </groups>
    <test name="Package with subpackages" duration-ms="294" started-at="2017-03-29T02:24:53Z" finished-at="2017-03-29T02:24:53Z">
      <class name="uk.co.automatictester.jwebfwk.runners.FirstRunner">
        <test-method status="PASS" signature="run_cukes()[pri:0, instance:uk.co.automatictester.jwebfwk.runners.FirstRunner@35f983a6]" name="run_cukes" duration-ms="280" started-at="2017-03-29T13:24:53Z" description="Runs Cucumber Features" finished-at="2017-03-29T13:24:53Z">
          <reporter-output>
            <line>
              <![CDATA[<div "featureFile">Feature File: FeatureList1&#x2F;Feature1-1.feature</div>]]>
            </line>
            <line>
              <![CDATA[<div "feature">Feature: Feature One from List 1</div>]]>
            </line>
            <line>
              <![CDATA[<div "scenario">Scenario: Scenario</div>]]>
            </line>
            <line>
              <![CDATA[<div "result">Given  I am scenario Scenario1_Feature1_List1 for test (passed : 0s)</div>]]>
            </line>
            <line>
              <![CDATA[<div "scenario">Scenario: Scenario</div>]]>
            </line>
            <line>
              <![CDATA[<div "result">Given  I am scenario Scenario2_Feature1_List1 for test (passed : 0s)</div>]]>
            </line>
            <line>
              <![CDATA[<div "scenario">Scenario: Scenario</div>]]>
            </line>
            <line>
              <![CDATA[<div "result">Given  I am scenario Alex for test (passed : 0s)</div>]]>
            </line>
          </reporter-output>
        </test-method> <!-- run_cukes -->
      </class> <!-- uk.co.automatictester.jwebfwk.runners.FirstRunner -->
    </test> <!-- Package with subpackages -->
  </suite> <!-- Test runner -->
</testng-results>
