<?xml version="1.0" encoding="UTF-8"?>
<!-- Generated by org.testng.reporters.JUnitXMLReporter -->
<testsuite hostname="qa-win10-01-253" name="Package with subpackages" tests="2" failures="0" timestamp="13 Mar 2017 02:50:34 GMT" time="1.281" errors="0">
  <testcase name="run_cukes" time="1.234" classname="uk.co.automatictester.jwebfwk.runners.SecondRunner"/>
  <testcase name="run_cukes" time="1.234" classname="uk.co.automatictester.jwebfwk.runners.FirstRunner"/>
</testsuite> <!-- Package with subpackages -->
